TN:
SF:src/blockchain.ts
FN:28,(anonymous_0)
FN:49,(anonymous_1)
FN:86,(anonymous_2)
FN:125,(anonymous_3)
FN:189,(anonymous_4)
FN:191,(anonymous_5)
FN:196,(anonymous_6)
FN:206,(anonymous_7)
FN:219,(anonymous_8)
FN:300,(anonymous_9)
FN:375,(anonymous_10)
FN:439,(anonymous_11)
FN:471,(anonymous_12)
FN:483,(anonymous_13)
FN:497,(anonymous_14)
FNF:15
FNH:0
FNDA:0,(anonymous_0)
FNDA:0,(anonymous_1)
FNDA:0,(anonymous_2)
FNDA:0,(anonymous_3)
FNDA:0,(anonymous_4)
FNDA:0,(anonymous_5)
FNDA:0,(anonymous_6)
FNDA:0,(anonymous_7)
FNDA:0,(anonymous_8)
FNDA:0,(anonymous_9)
FNDA:0,(anonymous_10)
FNDA:0,(anonymous_11)
FNDA:0,(anonymous_12)
FNDA:0,(anonymous_13)
FNDA:0,(anonymous_14)
DA:29,0
DA:30,0
DA:31,0
DA:32,0
DA:34,0
DA:35,0
DA:36,0
DA:37,0
DA:38,0
DA:41,0
DA:42,0
DA:43,0
DA:50,0
DA:52,0
DA:56,0
DA:58,0
DA:59,0
DA:63,0
DA:67,0
DA:68,0
DA:71,0
DA:77,0
DA:80,0
DA:88,0
DA:89,0
DA:90,0
DA:98,0
DA:108,0
DA:109,0
DA:110,0
DA:111,0
DA:113,0
DA:115,0
DA:116,0
DA:117,0
DA:127,0
DA:129,0
DA:130,0
DA:131,0
DA:134,0
DA:135,0
DA:138,0
DA:139,0
DA:140,0
DA:145,0
DA:146,0
DA:147,0
DA:148,0
DA:152,0
DA:153,0
DA:155,0
DA:157,0
DA:158,0
DA:159,0
DA:162,0
DA:164,0
DA:165,0
DA:166,0
DA:172,0
DA:173,0
DA:175,0
DA:177,0
DA:182,0
DA:191,0
DA:192,0
DA:195,0
DA:196,0
DA:198,0
DA:199,0
DA:207,0
DA:209,0
DA:210,0
DA:213,0
DA:215,0
DA:219,0
DA:220,0
DA:222,0
DA:223,0
DA:224,0
DA:228,0
DA:229,0
DA:233,0
DA:238,0
DA:241,0
DA:242,0
DA:244,0
DA:252,0
DA:260,0
DA:263,0
DA:270,0
DA:271,0
DA:272,0
DA:273,0
DA:276,0
DA:277,0
DA:278,0
DA:279,0
DA:282,0
DA:284,0
DA:286,0
DA:287,0
DA:289,0
DA:301,0
DA:302,0
DA:306,0
DA:311,0
DA:313,0
DA:315,0
DA:317,0
DA:328,0
DA:332,0
DA:339,0
DA:340,0
DA:343,0
DA:344,0
DA:351,0
DA:352,0
DA:353,0
DA:354,0
DA:358,0
DA:365,0
DA:366,0
DA:376,0
DA:377,0
DA:381,0
DA:385,0
DA:388,0
DA:389,0
DA:394,0
DA:396,0
DA:397,0
DA:405,0
DA:408,0
DA:411,0
DA:420,0
DA:421,0
DA:430,0
DA:431,0
DA:440,0
DA:441,0
DA:444,0
DA:445,0
DA:448,0
DA:449,0
DA:451,0
DA:459,0
DA:472,0
DA:473,0
DA:474,0
DA:476,0
DA:484,0
DA:485,0
DA:487,0
DA:488,0
DA:493,0
DA:496,0
DA:497,0
DA:498,0
LF:158
LH:0
BRDA:29,0,0,0
BRDA:29,0,1,0
BRDA:30,1,0,0
BRDA:30,1,1,0
BRDA:31,2,0,0
BRDA:31,3,0,0
BRDA:31,3,1,0
BRDA:34,4,0,0
BRDA:34,4,1,0
BRDA:58,5,0,0
BRDA:58,6,0,0
BRDA:58,6,1,0
BRDA:88,7,0,0
BRDA:92,8,0,0
BRDA:92,8,1,0
BRDA:93,9,0,0
BRDA:93,9,1,0
BRDA:94,10,0,0
BRDA:94,10,1,0
BRDA:99,11,0,0
BRDA:99,11,1,0
BRDA:100,12,0,0
BRDA:100,12,1,0
BRDA:100,12,2,0
BRDA:101,13,0,0
BRDA:101,13,1,0
BRDA:102,14,0,0
BRDA:102,14,1,0
BRDA:134,15,0,0
BRDA:134,16,0,0
BRDA:134,16,1,0
BRDA:145,17,0,0
BRDA:145,17,1,0
BRDA:147,18,0,0
BRDA:149,19,0,0
BRDA:149,19,1,0
BRDA:150,20,0,0
BRDA:150,20,1,0
BRDA:155,21,0,0
BRDA:164,22,0,0
BRDA:206,23,0,0
BRDA:276,24,0,0
BRDA:286,25,0,0
BRDA:301,26,0,0
BRDA:306,27,0,0
BRDA:306,27,1,0
BRDA:311,28,0,0
BRDA:311,28,1,0
BRDA:313,29,0,0
BRDA:313,29,1,0
BRDA:323,30,0,0
BRDA:323,30,1,0
BRDA:324,31,0,0
BRDA:324,31,1,0
BRDA:336,32,0,0
BRDA:336,32,1,0
BRDA:339,33,0,0
BRDA:351,34,0,0
BRDA:351,35,0,0
BRDA:351,35,1,0
BRDA:376,36,0,0
BRDA:381,37,0,0
BRDA:381,37,1,0
BRDA:394,38,0,0
BRDA:396,39,0,0
BRDA:412,40,0,0
BRDA:412,40,1,0
BRDA:413,41,0,0
BRDA:413,41,1,0
BRDA:414,42,0,0
BRDA:414,42,1,0
BRDA:415,43,0,0
BRDA:415,43,1,0
BRDA:416,44,0,0
BRDA:416,44,1,0
BRDA:420,45,0,0
BRDA:420,46,0,0
BRDA:420,46,1,0
BRDA:420,46,2,0
BRDA:440,47,0,0
BRDA:484,48,0,0
BRDA:496,49,0,0
BRF:82
BRH:0
end_of_record
TN:
SF:src/server.ts
FN:159,(anonymous_0)
FN:163,(anonymous_1)
FN:182,(anonymous_2)
FN:189,(anonymous_3)
FN:198,(anonymous_4)
FN:211,generateContentHash
FN:215,generateVerificationUrl
FN:228,(anonymous_7)
FN:230,(anonymous_8)
FN:237,(anonymous_9)
FN:247,(anonymous_10)
FN:285,(anonymous_11)
FN:350,(anonymous_12)
FN:537,(anonymous_13)
FN:608,(anonymous_14)
FN:723,(anonymous_15)
FN:864,(anonymous_16)
FN:954,(anonymous_17)
FN:992,(anonymous_18)
FN:1047,(anonymous_19)
FN:1150,(anonymous_20)
FN:1276,(anonymous_21)
FN:1451,(anonymous_22)
FN:1522,(anonymous_23)
FN:1564,(anonymous_24)
FN:1571,(anonymous_25)
FN:1596,(anonymous_26)
FN:1632,(anonymous_27)
FN:1684,(anonymous_28)
FN:1794,(anonymous_29)
FN:1827,(anonymous_30)
FN:1838,(anonymous_31)
FN:1840,(anonymous_32)
FN:1872,(anonymous_33)
FN:1887,(anonymous_34)
FN:1902,(anonymous_35)
FN:1907,(anonymous_36)
FN:1917,(anonymous_37)
FN:1930,(anonymous_38)
FN:1936,(anonymous_39)
FNF:40
FNH:0
FNDA:0,(anonymous_0)
FNDA:0,(anonymous_1)
FNDA:0,(anonymous_2)
FNDA:0,(anonymous_3)
FNDA:0,(anonymous_4)
FNDA:0,generateContentHash
FNDA:0,generateVerificationUrl
FNDA:0,(anonymous_7)
FNDA:0,(anonymous_8)
FNDA:0,(anonymous_9)
FNDA:0,(anonymous_10)
FNDA:0,(anonymous_11)
FNDA:0,(anonymous_12)
FNDA:0,(anonymous_13)
FNDA:0,(anonymous_14)
FNDA:0,(anonymous_15)
FNDA:0,(anonymous_16)
FNDA:0,(anonymous_17)
FNDA:0,(anonymous_18)
FNDA:0,(anonymous_19)
FNDA:0,(anonymous_20)
FNDA:0,(anonymous_21)
FNDA:0,(anonymous_22)
FNDA:0,(anonymous_23)
FNDA:0,(anonymous_24)
FNDA:0,(anonymous_25)
FNDA:0,(anonymous_26)
FNDA:0,(anonymous_27)
FNDA:0,(anonymous_28)
FNDA:0,(anonymous_29)
FNDA:0,(anonymous_30)
FNDA:0,(anonymous_31)
FNDA:0,(anonymous_32)
FNDA:0,(anonymous_33)
FNDA:0,(anonymous_34)
FNDA:0,(anonymous_35)
FNDA:0,(anonymous_36)
FNDA:0,(anonymous_37)
FNDA:0,(anonymous_38)
FNDA:0,(anonymous_39)
DA:29,0
DA:32,0
DA:35,0
DA:39,0
DA:43,0
DA:46,0
DA:49,0
DA:55,0
DA:62,0
DA:68,0
DA:74,0
DA:80,0
DA:85,0
DA:86,0
DA:87,0
DA:88,0
DA:89,0
DA:92,0
DA:114,0
DA:115,0
DA:116,0
DA:119,0
DA:120,0
DA:126,0
DA:128,0
DA:130,0
DA:141,0
DA:150,0
DA:151,0
DA:155,0
DA:156,0
DA:159,0
DA:160,0
DA:161,0
DA:163,0
DA:164,0
DA:165,0
DA:167,0
DA:171,0
DA:175,0
DA:178,0
DA:182,0
DA:183,0
DA:184,0
DA:189,0
DA:190,0
DA:191,0
DA:192,0
DA:193,0
DA:195,0
DA:198,0
DA:199,0
DA:200,0
DA:201,0
DA:207,0
DA:212,0
DA:216,0
DA:217,0
DA:221,0
DA:224,0
DA:227,0
DA:228,0
DA:229,0
DA:231,0
DA:232,0
DA:237,0
DA:238,0
DA:239,0
DA:240,0
DA:242,0
DA:247,0
DA:248,0
DA:250,0
DA:278,0
DA:279,0
DA:282,0
DA:285,0
DA:286,0
DA:313,0
DA:351,0
DA:359,0
DA:361,0
DA:362,0
DA:369,0
DA:370,0
DA:371,0
DA:373,0
DA:374,0
DA:377,0
DA:378,0
DA:379,0
DA:380,0
DA:381,0
DA:382,0
DA:397,0
DA:401,0
DA:402,0
DA:404,0
DA:406,0
DA:407,0
DA:408,0
DA:410,0
DA:412,0
DA:428,0
DA:434,0
DA:435,0
DA:438,0
DA:440,0
DA:445,0
DA:461,0
DA:464,0
DA:465,0
DA:480,0
DA:481,0
DA:486,0
DA:488,0
DA:490,0
DA:514,0
DA:515,0
DA:516,0
DA:525,0
DA:538,0
DA:539,0
DA:540,0
DA:541,0
DA:543,0
DA:544,0
DA:545,0
DA:548,0
DA:549,0
DA:550,0
DA:557,0
DA:561,0
DA:570,0
DA:572,0
DA:581,0
DA:583,0
DA:592,0
DA:593,0
DA:602,0
DA:609,0
DA:610,0
DA:611,0
DA:612,0
DA:615,0
DA:616,0
DA:617,0
DA:618,0
DA:619,0
DA:620,0
DA:621,0
DA:628,0
DA:631,0
DA:636,0
DA:637,0
DA:638,0
DA:639,0
DA:641,0
DA:647,0
DA:650,0
DA:651,0
DA:652,0
DA:657,0
DA:658,0
DA:659,0
DA:662,0
DA:666,0
DA:667,0
DA:668,0
DA:669,0
DA:673,0
DA:674,0
DA:675,0
DA:682,0
DA:683,0
DA:685,0
DA:705,0
DA:706,0
DA:717,0
DA:724,0
DA:725,0
DA:728,0
DA:730,0
DA:731,0
DA:734,0
DA:735,0
DA:736,0
DA:737,0
DA:738,0
DA:746,0
DA:749,0
DA:754,0
DA:755,0
DA:756,0
DA:757,0
DA:762,0
DA:763,0
DA:764,0
DA:765,0
DA:766,0
DA:778,0
DA:781,0
DA:785,0
DA:786,0
DA:787,0
DA:795,0
DA:796,0
DA:798,0
DA:815,0
DA:816,0
DA:840,0
DA:865,0
DA:866,0
DA:869,0
DA:870,0
DA:872,0
DA:875,0
DA:876,0
DA:877,0
DA:880,0
DA:881,0
DA:882,0
DA:884,0
DA:897,0
DA:918,0
DA:921,0
DA:922,0
DA:923,0
DA:935,0
DA:936,0
DA:938,0
DA:939,0
DA:943,0
DA:944,0
DA:947,0
DA:954,0
DA:956,0
DA:973,0
DA:974,0
DA:976,0
DA:990,0
DA:993,0
DA:994,0
DA:995,0
DA:998,0
DA:1000,0
DA:1029,0
DA:1030,0
DA:1045,0
DA:1048,0
DA:1049,0
DA:1050,0
DA:1053,0
DA:1066,0
DA:1068,0
DA:1069,0
DA:1070,0
DA:1073,0
DA:1074,0
DA:1075,0
DA:1078,0
DA:1083,0
DA:1085,0
DA:1088,0
DA:1098,0
DA:1100,0
DA:1116,0
DA:1117,0
DA:1132,0
DA:1151,0
DA:1152,0
DA:1155,0
DA:1160,0
DA:1161,0
DA:1170,0
DA:1171,0
DA:1173,0
DA:1174,0
DA:1175,0
DA:1176,0
DA:1177,0
DA:1178,0
DA:1182,0
DA:1200,0
DA:1203,0
DA:1209,0
DA:1212,0
DA:1228,0
DA:1236,0
DA:1237,0
DA:1254,0
DA:1277,0
DA:1279,0
DA:1280,0
DA:1281,0
DA:1283,0
DA:1286,0
DA:1287,0
DA:1290,0
DA:1291,0
DA:1297,0
DA:1307,0
DA:1309,0
DA:1311,0
DA:1312,0
DA:1313,0
DA:1314,0
DA:1315,0
DA:1323,0
DA:1327,0
DA:1328,0
DA:1334,0
DA:1343,0
DA:1344,0
DA:1350,0
DA:1360,0
DA:1364,0
DA:1368,0
DA:1371,0
DA:1391,0
DA:1394,0
DA:1395,0
DA:1396,0
DA:1397,0
DA:1405,0
DA:1408,0
DA:1409,0
DA:1410,0
DA:1414,0
DA:1415,0
DA:1418,0
DA:1419,0
DA:1426,0
DA:1431,0
DA:1434,0
DA:1440,0
DA:1443,0
DA:1451,0
DA:1453,0
DA:1474,0
DA:1477,0
DA:1478,0
DA:1485,0
DA:1499,0
DA:1523,0
DA:1524,0
DA:1525,0
DA:1527,0
DA:1540,0
DA:1551,0
DA:1552,0
DA:1562,0
DA:1565,0
DA:1566,0
DA:1567,0
DA:1569,0
DA:1571,0
DA:1583,0
DA:1584,0
DA:1594,0
DA:1597,0
DA:1598,0
DA:1599,0
DA:1601,0
DA:1603,0
DA:1617,0
DA:1618,0
DA:1628,0
DA:1633,0
DA:1634,0
DA:1635,0
DA:1637,0
DA:1639,0
DA:1640,0
DA:1646,0
DA:1651,0
DA:1652,0
DA:1668,0
DA:1685,0
DA:1686,0
DA:1688,0
DA:1691,0
DA:1693,0
DA:1695,0
DA:1696,0
DA:1697,0
DA:1698,0
DA:1699,0
DA:1707,0
DA:1711,0
DA:1712,0
DA:1721,0
DA:1722,0
DA:1723,0
DA:1734,0
DA:1735,0
DA:1738,0
DA:1739,0
DA:1740,0
DA:1741,0
DA:1742,0
DA:1745,0
DA:1746,0
DA:1749,0
DA:1750,0
DA:1752,0
DA:1757,0
DA:1759,0
DA:1761,0
DA:1773,0
DA:1775,0
DA:1788,0
DA:1795,0
DA:1796,0
DA:1797,0
DA:1799,0
DA:1800,0
DA:1806,0
DA:1817,0
DA:1818,0
DA:1827,0
DA:1828,0
DA:1829,0
DA:1838,0
DA:1840,0
DA:1849,0
DA:1850,0
DA:1851,0
DA:1855,0
DA:1862,0
DA:1863,0
DA:1872,0
DA:1873,0
DA:1887,0
DA:1888,0
DA:1889,0
DA:1902,0
DA:1903,0
DA:1904,0
DA:1907,0
DA:1908,0
DA:1909,0
DA:1913,0
DA:1916,0
DA:1917,0
DA:1918,0
DA:1919,0
DA:1920,0
DA:1921,0
DA:1922,0
DA:1925,0
DA:1926,0
DA:1930,0
DA:1931,0
DA:1932,0
DA:1933,0
DA:1936,0
DA:1937,0
DA:1938,0
DA:1939,0
LF:460
LH:0
BRDA:93,0,0,0
BRDA:93,0,1,0
BRDA:115,1,0,0
BRDA:115,1,1,0
BRDA:116,2,0,0
BRDA:116,2,1,0
BRDA:121,3,0,0
BRDA:121,3,1,0
BRDA:126,4,0,0
BRDA:132,5,0,0
BRDA:132,5,1,0
BRDA:143,6,0,0
BRDA:143,6,1,0
BRDA:165,7,0,0
BRDA:165,7,1,0
BRDA:191,8,0,0
BRDA:191,9,0,0
BRDA:191,9,1,0
BRDA:193,10,0,0
BRDA:200,11,0,0
BRDA:216,12,0,0
BRDA:216,12,1,0
BRDA:221,13,0,0
BRDA:221,13,1,0
BRDA:227,14,0,0
BRDA:248,15,0,0
BRDA:248,15,1,0
BRDA:252,16,0,0
BRDA:252,16,1,0
BRDA:255,17,0,0
BRDA:255,17,1,0
BRDA:257,18,0,0
BRDA:257,18,1,0
BRDA:268,19,0,0
BRDA:268,19,1,0
BRDA:354,20,0,0
BRDA:355,21,0,0
BRDA:356,22,0,0
BRDA:361,23,0,0
BRDA:361,24,0,0
BRDA:361,24,1,0
BRDA:361,24,2,0
BRDA:379,25,0,0
BRDA:401,26,0,0
BRDA:401,27,0,0
BRDA:401,27,1,0
BRDA:406,28,0,0
BRDA:450,29,0,0
BRDA:450,29,1,0
BRDA:451,30,0,0
BRDA:451,30,1,0
BRDA:452,31,0,0
BRDA:452,31,1,0
BRDA:466,32,0,0
BRDA:466,32,1,0
BRDA:468,33,0,0
BRDA:468,33,1,0
BRDA:470,34,0,0
BRDA:470,34,1,0
BRDA:480,35,0,0
BRDA:488,36,0,0
BRDA:488,36,1,0
BRDA:497,37,0,0
BRDA:497,37,1,0
BRDA:498,38,0,0
BRDA:498,38,1,0
BRDA:504,39,0,0
BRDA:504,39,1,0
BRDA:514,40,0,0
BRDA:514,40,1,0
BRDA:539,41,0,0
BRDA:548,42,0,0
BRDA:565,43,0,0
BRDA:565,43,1,0
BRDA:616,44,0,0
BRDA:616,45,0,0
BRDA:616,45,1,0
BRDA:619,46,0,0
BRDA:638,47,0,0
BRDA:639,48,0,0
BRDA:650,49,0,0
BRDA:650,49,1,0
BRDA:651,50,0,0
BRDA:651,50,1,0
BRDA:657,51,0,0
BRDA:657,51,1,0
BRDA:666,52,0,0
BRDA:668,53,0,0
BRDA:673,54,0,0
BRDA:691,55,0,0
BRDA:691,55,1,0
BRDA:692,56,0,0
BRDA:692,56,1,0
BRDA:694,57,0,0
BRDA:694,57,1,0
BRDA:699,58,0,0
BRDA:699,58,1,0
BRDA:700,59,0,0
BRDA:700,59,1,0
BRDA:734,60,0,0
BRDA:734,61,0,0
BRDA:734,61,1,0
BRDA:737,62,0,0
BRDA:754,63,0,0
BRDA:756,64,0,0
BRDA:762,65,0,0
BRDA:765,66,0,0
BRDA:775,67,0,0
BRDA:775,67,1,0
BRDA:785,68,0,0
BRDA:806,69,0,0
BRDA:806,69,1,0
BRDA:866,70,0,0
BRDA:866,71,0,0
BRDA:880,72,0,0
BRDA:882,73,0,0
BRDA:882,73,1,0
BRDA:921,74,0,0
BRDA:921,75,0,0
BRDA:921,75,1,0
BRDA:927,76,0,0
BRDA:927,76,1,0
BRDA:1050,77,0,0
BRDA:1068,78,0,0
BRDA:1073,79,0,0
BRDA:1160,80,0,0
BRDA:1173,81,0,0
BRDA:1173,81,1,0
BRDA:1176,82,0,0
BRDA:1197,83,0,0
BRDA:1197,83,1,0
BRDA:1290,84,0,0
BRDA:1309,85,0,0
BRDA:1311,86,0,0
BRDA:1311,87,0,0
BRDA:1311,87,1,0
BRDA:1314,88,0,0
BRDA:1327,89,0,0
BRDA:1343,90,0,0
BRDA:1386,91,0,0
BRDA:1386,91,1,0
BRDA:1396,92,0,0
BRDA:1396,92,1,0
BRDA:1403,93,0,0
BRDA:1403,93,1,0
BRDA:1409,94,0,0
BRDA:1409,95,0,0
BRDA:1409,95,1,0
BRDA:1418,96,0,0
BRDA:1448,97,0,0
BRDA:1448,97,1,0
BRDA:1461,98,0,0
BRDA:1461,98,1,0
BRDA:1463,99,0,0
BRDA:1463,99,1,0
BRDA:1477,100,0,0
BRDA:1477,101,0,0
BRDA:1477,101,1,0
BRDA:1610,102,0,0
BRDA:1610,102,1,0
BRDA:1611,103,0,0
BRDA:1611,103,1,0
BRDA:1639,104,0,0
BRDA:1693,105,0,0
BRDA:1695,106,0,0
BRDA:1695,107,0,0
BRDA:1695,107,1,0
BRDA:1698,108,0,0
BRDA:1711,109,0,0
BRDA:1721,110,0,0
BRDA:1740,111,0,0
BRDA:1740,111,1,0
BRDA:1745,112,0,0
BRDA:1745,113,0,0
BRDA:1745,113,1,0
BRDA:1768,114,0,0
BRDA:1768,114,1,0
BRDA:1799,115,0,0
BRDA:1810,116,0,0
BRDA:1810,116,1,0
BRDA:1812,117,0,0
BRDA:1812,117,1,0
BRDA:1850,118,0,0
BRDA:1892,119,0,0
BRDA:1892,119,1,0
BRDA:1913,120,0,0
BRDA:1913,120,1,0
BRDA:1913,120,2,0
BRDA:1916,121,0,0
BRDA:1921,122,0,0
BRDA:1921,122,1,0
BRF:191
BRH:0
end_of_record
TN:
SF:src/auth/admin-middleware.ts
FN:31,getAdminUserIds
FN:41,getAdminEmailDomains
FN:66,requireAdminAuth
FN:67,(anonymous_3)
FN:200,isUserAdmin
FN:224,logSecurityEvent
FN:257,logAdminAction
FNF:7
FNH:0
FNDA:0,getAdminUserIds
FNDA:0,getAdminEmailDomains
FNDA:0,requireAdminAuth
FNDA:0,(anonymous_3)
FNDA:0,isUserAdmin
FNDA:0,logSecurityEvent
FNDA:0,logAdminAction
DA:15,0
DA:32,0
DA:42,0
DA:67,0
DA:68,0
DA:70,0
DA:71,0
DA:76,0
DA:84,0
DA:86,0
DA:88,0
DA:89,0
DA:92,0
DA:97,0
DA:98,0
DA:104,0
DA:112,0
DA:115,0
DA:117,0
DA:118,0
DA:125,0
DA:134,0
DA:143,0
DA:144,0
DA:150,0
DA:156,0
DA:158,0
DA:160,0
DA:161,0
DA:169,0
DA:170,0
DA:178,0
DA:201,0
DA:202,0
DA:205,0
DA:206,0
DA:210,0
DA:211,0
DA:212,0
DA:213,0
DA:218,0
DA:235,0
DA:236,0
DA:250,0
DA:268,0
DA:269,0
DA:282,0
LF:47
LH:0
BRDA:16,0,0,0
BRDA:16,0,1,0
BRDA:33,1,0,0
BRDA:33,1,1,0
BRDA:43,2,0,0
BRDA:43,2,1,0
BRDA:70,3,0,0
BRDA:70,4,0,0
BRDA:70,4,1,0
BRDA:97,5,0,0
BRDA:117,6,0,0
BRDA:130,7,0,0
BRDA:130,7,1,0
BRDA:160,8,0,0
BRDA:169,9,0,0
BRDA:205,10,0,0
BRDA:210,11,0,0
BRDA:212,12,0,0
BRDA:212,13,0,0
BRDA:212,13,1,0
BRDA:278,14,0,0
BRDA:278,14,1,0
BRDA:279,15,0,0
BRDA:279,15,1,0
BRF:24
BRH:0
end_of_record
TN:
SF:src/auth/auth-routes.ts
FN:15,getDeviceInfo
FN:27,requireAuth
FN:56,createAuthRoutes
FN:63,(anonymous_3)
FN:91,(anonymous_4)
FN:121,(anonymous_5)
FN:151,(anonymous_6)
FN:179,(anonymous_7)
FN:218,(anonymous_8)
FN:258,(anonymous_9)
FN:297,(anonymous_10)
FN:329,(anonymous_11)
FN:363,(anonymous_12)
FN:396,(anonymous_13)
FN:430,(anonymous_14)
FN:452,(anonymous_15)
FN:486,(anonymous_16)
FN:520,(anonymous_17)
FN:553,(anonymous_18)
FN:581,(anonymous_19)
FN:609,(anonymous_20)
FNF:21
FNH:0
FNDA:0,getDeviceInfo
FNDA:0,requireAuth
FNDA:0,createAuthRoutes
FNDA:0,(anonymous_3)
FNDA:0,(anonymous_4)
FNDA:0,(anonymous_5)
FNDA:0,(anonymous_6)
FNDA:0,(anonymous_7)
FNDA:0,(anonymous_8)
FNDA:0,(anonymous_9)
FNDA:0,(anonymous_10)
FNDA:0,(anonymous_11)
FNDA:0,(anonymous_12)
FNDA:0,(anonymous_13)
FNDA:0,(anonymous_14)
FNDA:0,(anonymous_15)
FNDA:0,(anonymous_16)
FNDA:0,(anonymous_17)
FNDA:0,(anonymous_18)
FNDA:0,(anonymous_19)
FNDA:0,(anonymous_20)
DA:12,0
DA:16,0
DA:28,0
DA:30,0
DA:31,0
DA:38,0
DA:40,0
DA:41,0
DA:42,0
DA:43,0
DA:45,0
DA:57,0
DA:63,0
DA:64,0
DA:65,0
DA:67,0
DA:68,0
DA:75,0
DA:76,0
DA:78,0
DA:79,0
DA:91,0
DA:92,0
DA:93,0
DA:95,0
DA:96,0
DA:103,0
DA:104,0
DA:106,0
DA:108,0
DA:109,0
DA:121,0
DA:122,0
DA:123,0
DA:125,0
DA:126,0
DA:133,0
DA:134,0
DA:136,0
DA:138,0
DA:139,0
DA:151,0
DA:152,0
DA:153,0
DA:155,0
DA:156,0
DA:163,0
DA:164,0
DA:166,0
DA:167,0
DA:179,0
DA:180,0
DA:181,0
DA:183,0
DA:184,0
DA:191,0
DA:196,0
DA:203,0
DA:205,0
DA:206,0
DA:218,0
DA:219,0
DA:220,0
DA:222,0
DA:223,0
DA:230,0
DA:235,0
DA:243,0
DA:245,0
DA:246,0
DA:258,0
DA:259,0
DA:260,0
DA:262,0
DA:263,0
DA:270,0
DA:271,0
DA:273,0
DA:275,0
DA:277,0
DA:278,0
DA:285,0
DA:297,0
DA:298,0
DA:299,0
DA:301,0
DA:302,0
DA:309,0
DA:311,0
DA:316,0
DA:317,0
DA:329,0
DA:330,0
DA:331,0
DA:332,0
DA:334,0
DA:335,0
DA:342,0
DA:344,0
DA:350,0
DA:351,0
DA:363,0
DA:364,0
DA:365,0
DA:366,0
DA:368,0
DA:369,0
DA:376,0
DA:378,0
DA:383,0
DA:384,0
DA:396,0
DA:397,0
DA:398,0
DA:399,0
DA:401,0
DA:402,0
DA:409,0
DA:411,0
DA:417,0
DA:418,0
DA:430,0
DA:431,0
DA:432,0
DA:433,0
DA:435,0
DA:439,0
DA:440,0
DA:452,0
DA:453,0
DA:454,0
DA:455,0
DA:456,0
DA:458,0
DA:459,0
DA:466,0
DA:468,0
DA:473,0
DA:474,0
DA:486,0
DA:487,0
DA:488,0
DA:489,0
DA:490,0
DA:492,0
DA:493,0
DA:500,0
DA:502,0
DA:507,0
DA:508,0
DA:520,0
DA:521,0
DA:522,0
DA:523,0
DA:525,0
DA:526,0
DA:533,0
DA:535,0
DA:540,0
DA:541,0
DA:553,0
DA:554,0
DA:555,0
DA:557,0
DA:558,0
DA:565,0
DA:566,0
DA:568,0
DA:569,0
DA:581,0
DA:582,0
DA:583,0
DA:585,0
DA:586,0
DA:593,0
DA:594,0
DA:596,0
DA:597,0
DA:609,0
DA:610,0
DA:611,0
DA:612,0
DA:614,0
DA:615,0
DA:622,0
DA:624,0
DA:629,0
DA:630,0
DA:638,0
LF:189
LH:0
BRDA:17,0,0,0
BRDA:17,0,1,0
BRDA:18,1,0,0
BRDA:18,1,1,0
BRDA:18,1,2,0
BRDA:30,2,0,0
BRDA:30,3,0,0
BRDA:30,3,1,0
BRDA:47,4,0,0
BRDA:47,4,1,0
BRDA:48,5,0,0
BRDA:48,5,1,0
BRDA:67,6,0,0
BRDA:95,7,0,0
BRDA:95,8,0,0
BRDA:95,8,1,0
BRDA:112,9,0,0
BRDA:112,9,1,0
BRDA:125,10,0,0
BRDA:125,11,0,0
BRDA:125,11,1,0
BRDA:142,12,0,0
BRDA:142,12,1,0
BRDA:155,13,0,0
BRDA:170,14,0,0
BRDA:170,14,1,0
BRDA:183,15,0,0
BRDA:183,16,0,0
BRDA:183,16,1,0
BRDA:209,17,0,0
BRDA:209,17,1,0
BRDA:222,18,0,0
BRDA:222,19,0,0
BRDA:222,19,1,0
BRDA:238,20,0,0
BRDA:238,20,1,0
BRDA:249,21,0,0
BRDA:249,21,1,0
BRDA:262,22,0,0
BRDA:277,23,0,0
BRDA:288,24,0,0
BRDA:288,24,1,0
BRDA:301,25,0,0
BRDA:334,26,0,0
BRDA:354,27,0,0
BRDA:354,27,1,0
BRDA:368,28,0,0
BRDA:387,29,0,0
BRDA:387,29,1,0
BRDA:401,30,0,0
BRDA:421,31,0,0
BRDA:421,31,1,0
BRDA:458,32,0,0
BRDA:492,33,0,0
BRDA:511,34,0,0
BRDA:511,34,1,0
BRDA:525,35,0,0
BRDA:525,36,0,0
BRDA:525,36,1,0
BRDA:544,37,0,0
BRDA:544,37,1,0
BRDA:557,38,0,0
BRDA:557,39,0,0
BRDA:557,39,1,0
BRDA:572,40,0,0
BRDA:572,40,1,0
BRDA:585,41,0,0
BRDA:585,42,0,0
BRDA:585,42,1,0
BRDA:600,43,0,0
BRDA:600,43,1,0
BRDA:614,44,0,0
BRDA:633,45,0,0
BRDA:633,45,1,0
BRF:74
BRH:0
end_of_record
TN:
SF:src/auth/auth-service.ts
FN:50,(anonymous_0)
FN:55,(anonymous_1)
FN:105,(anonymous_2)
FN:173,(anonymous_3)
FN:218,(anonymous_4)
FN:268,(anonymous_5)
FN:329,(anonymous_6)
FN:382,(anonymous_7)
FN:397,(anonymous_8)
FN:423,(anonymous_9)
FN:433,(anonymous_10)
FN:443,(anonymous_11)
FN:467,(anonymous_12)
FN:481,(anonymous_13)
FN:579,(anonymous_14)
FN:589,(anonymous_15)
FN:619,(anonymous_16)
FN:653,(anonymous_17)
FN:687,(anonymous_18)
FN:693,(anonymous_19)
FN:707,(anonymous_20)
FN:717,(anonymous_21)
FN:745,(anonymous_22)
FN:787,(anonymous_23)
FN:821,(anonymous_24)
FN:863,(anonymous_25)
FN:891,(anonymous_26)
FNF:27
FNH:0
FNDA:0,(anonymous_0)
FNDA:0,(anonymous_1)
FNDA:0,(anonymous_2)
FNDA:0,(anonymous_3)
FNDA:0,(anonymous_4)
FNDA:0,(anonymous_5)
FNDA:0,(anonymous_6)
FNDA:0,(anonymous_7)
FNDA:0,(anonymous_8)
FNDA:0,(anonymous_9)
FNDA:0,(anonymous_10)
FNDA:0,(anonymous_11)
FNDA:0,(anonymous_12)
FNDA:0,(anonymous_13)
FNDA:0,(anonymous_14)
FNDA:0,(anonymous_15)
FNDA:0,(anonymous_16)
FNDA:0,(anonymous_17)
FNDA:0,(anonymous_18)
FNDA:0,(anonymous_19)
FNDA:0,(anonymous_20)
FNDA:0,(anonymous_21)
FNDA:0,(anonymous_22)
FNDA:0,(anonymous_23)
FNDA:0,(anonymous_24)
FNDA:0,(anonymous_25)
FNDA:0,(anonymous_26)
DA:20,0
DA:21,0
DA:22,0
DA:50,0
DA:57,0
DA:63,0
DA:65,0
DA:69,0
DA:71,0
DA:75,0
DA:76,0
DA:79,0
DA:83,0
DA:86,0
DA:87,0
DA:89,0
DA:94,0
DA:96,0
DA:107,0
DA:112,0
DA:113,0
DA:116,0
DA:119,0
DA:125,0
DA:126,0
DA:128,0
DA:134,0
DA:136,0
DA:138,0
DA:151,0
DA:152,0
DA:154,0
DA:167,0
DA:181,0
DA:184,0
DA:189,0
DA:190,0
DA:193,0
DA:196,0
DA:197,0
DA:198,0
DA:201,0
DA:206,0
DA:225,0
DA:228,0
DA:229,0
DA:230,0
DA:234,0
DA:235,0
DA:236,0
DA:240,0
DA:241,0
DA:244,0
DA:245,0
DA:251,0
DA:254,0
DA:257,0
DA:259,0
DA:276,0
DA:279,0
DA:284,0
DA:285,0
DA:288,0
DA:290,0
DA:292,0
DA:293,0
DA:295,0
DA:296,0
DA:297,0
DA:301,0
DA:302,0
DA:307,0
DA:310,0
DA:311,0
DA:312,0
DA:313,0
DA:316,0
DA:320,0
DA:323,0
DA:335,0
DA:336,0
DA:337,0
DA:340,0
DA:346,0
DA:347,0
DA:351,0
DA:357,0
DA:362,0
DA:364,0
DA:383,0
DA:384,0
DA:386,0
DA:391,0
DA:398,0
DA:403,0
DA:404,0
DA:407,0
DA:409,0
DA:410,0
DA:413,0
DA:414,0
DA:417,0
DA:424,0
DA:434,0
DA:444,0
DA:445,0
DA:448,0
DA:461,0
DA:468,0
DA:469,0
DA:470,0
DA:471,0
DA:472,0
DA:473,0
DA:474,0
DA:475,0
DA:483,0
DA:488,0
DA:489,0
DA:492,0
DA:496,0
DA:499,0
DA:500,0
DA:504,0
DA:509,0
DA:511,0
DA:512,0
DA:514,0
DA:527,0
DA:532,0
DA:538,0
DA:541,0
DA:542,0
DA:543,0
DA:544,0
DA:546,0
DA:551,0
DA:557,0
DA:559,0
DA:561,0
DA:580,0
DA:591,0
DA:596,0
DA:597,0
DA:600,0
DA:601,0
DA:602,0
DA:606,0
DA:611,0
DA:613,0
DA:621,0
DA:626,0
DA:627,0
DA:630,0
DA:631,0
DA:632,0
DA:636,0
DA:642,0
DA:647,0
DA:655,0
DA:660,0
DA:661,0
DA:664,0
DA:665,0
DA:666,0
DA:670,0
DA:671,0
DA:674,0
DA:679,0
DA:681,0
DA:688,0
DA:693,0
DA:708,0
DA:719,0
DA:724,0
DA:725,0
DA:728,0
DA:729,0
DA:730,0
DA:734,0
DA:739,0
DA:747,0
DA:752,0
DA:753,0
DA:756,0
DA:757,0
DA:758,0
DA:761,0
DA:764,0
DA:765,0
DA:766,0
DA:769,0
DA:775,0
DA:776,0
DA:778,0
DA:781,0
DA:788,0
DA:793,0
DA:794,0
DA:797,0
DA:800,0
DA:806,0
DA:807,0
DA:809,0
DA:812,0
DA:822,0
DA:827,0
DA:828,0
DA:831,0
DA:833,0
DA:834,0
DA:838,0
DA:844,0
DA:850,0
DA:852,0
DA:854,0
DA:865,0
DA:870,0
DA:871,0
DA:874,0
DA:875,0
DA:876,0
DA:880,0
DA:885,0
DA:898,0
LF:225
LH:0
BRDA:20,0,0,0
BRDA:20,0,1,0
BRDA:63,1,0,0
BRDA:63,1,1,0
BRDA:112,2,0,0
BRDA:125,3,0,0
BRDA:125,3,1,0
BRDA:126,4,0,0
BRDA:126,4,1,0
BRDA:134,5,0,0
BRDA:134,6,0,0
BRDA:134,6,1,0
BRDA:151,7,0,0
BRDA:189,8,0,0
BRDA:210,9,0,0
BRDA:210,9,1,0
BRDA:222,10,0,0
BRDA:229,11,0,0
BRDA:229,12,0,0
BRDA:229,12,1,0
BRDA:234,13,0,0
BRDA:273,14,0,0
BRDA:284,15,0,0
BRDA:290,16,0,0
BRDA:290,16,1,0
BRDA:295,17,0,0
BRDA:311,18,0,0
BRDA:346,19,0,0
BRDA:403,20,0,0
BRDA:409,21,0,0
BRDA:413,22,0,0
BRDA:468,23,0,0
BRDA:469,24,0,0
BRDA:470,25,0,0
BRDA:471,26,0,0
BRDA:472,27,0,0
BRDA:473,28,0,0
BRDA:474,29,0,0
BRDA:488,30,0,0
BRDA:496,31,0,0
BRDA:496,31,1,0
BRDA:496,31,2,0
BRDA:496,31,3,0
BRDA:499,32,0,0
BRDA:509,33,0,0
BRDA:542,34,0,0
BRDA:564,35,0,0
BRDA:564,35,1,0
BRDA:596,36,0,0
BRDA:601,37,0,0
BRDA:626,38,0,0
BRDA:631,39,0,0
BRDA:660,40,0,0
BRDA:665,41,0,0
BRDA:724,42,0,0
BRDA:729,43,0,0
BRDA:752,44,0,0
BRDA:757,45,0,0
BRDA:793,46,0,0
BRDA:827,47,0,0
BRDA:833,48,0,0
BRDA:870,49,0,0
BRDA:875,50,0,0
BRDA:900,51,0,0
BRDA:900,51,1,0
BRDA:900,52,0,0
BRDA:900,52,1,0
BRF:67
BRH:0
end_of_record
TN:
SF:src/auth/auth.ts
FN:27,generateToken
FN:38,verifyToken
FN:50,generateSecureToken
FN:57,sendMagicLink
FN:155,verifyMagicLink
FN:236,handleDiscordOAuth
FN:336,handleGoogleOAuth
FN:433,authMiddleware
FNF:8
FNH:0
FNDA:0,generateToken
FNDA:0,verifyToken
FNDA:0,generateSecureToken
FNDA:0,sendMagicLink
FNDA:0,verifyMagicLink
FNDA:0,handleDiscordOAuth
FNDA:0,handleGoogleOAuth
FNDA:0,authMiddleware
DA:6,0
DA:7,0
DA:8,0
DA:9,0
DA:14,0
DA:28,0
DA:39,0
DA:40,0
DA:41,0
DA:43,0
DA:51,0
DA:58,0
DA:60,0
DA:61,0
DA:64,0
DA:67,0
DA:68,0
DA:72,0
DA:75,0
DA:78,0
DA:132,0
DA:133,0
DA:136,0
DA:139,0
DA:144,0
DA:145,0
DA:161,0
DA:163,0
DA:165,0
DA:166,0
DA:173,0
DA:176,0
DA:178,0
DA:180,0
DA:185,0
DA:195,0
DA:196,0
DA:200,0
DA:203,0
DA:212,0
DA:214,0
DA:225,0
DA:226,0
DA:242,0
DA:244,0
DA:258,0
DA:260,0
DA:261,0
DA:268,0
DA:274,0
DA:277,0
DA:279,0
DA:281,0
DA:287,0
DA:297,0
DA:303,0
DA:312,0
DA:314,0
DA:325,0
DA:326,0
DA:342,0
DA:344,0
DA:358,0
DA:360,0
DA:361,0
DA:368,0
DA:374,0
DA:377,0
DA:379,0
DA:381,0
DA:387,0
DA:397,0
DA:400,0
DA:409,0
DA:411,0
DA:422,0
DA:423,0
DA:434,0
DA:436,0
DA:437,0
DA:444,0
DA:445,0
DA:447,0
DA:448,0
DA:456,0
DA:457,0
LF:86
LH:0
BRDA:6,0,0,0
BRDA:6,0,1,0
BRDA:9,1,0,0
BRDA:9,1,1,0
BRDA:15,2,0,0
BRDA:15,2,1,0
BRDA:16,3,0,0
BRDA:16,3,1,0
BRDA:67,4,0,0
BRDA:79,5,0,0
BRDA:79,5,1,0
BRDA:132,6,0,0
BRDA:132,6,1,0
BRDA:165,7,0,0
BRDA:178,8,0,0
BRDA:195,9,0,0
BRDA:250,10,0,0
BRDA:250,10,1,0
BRDA:251,11,0,0
BRDA:251,11,1,0
BRDA:254,12,0,0
BRDA:254,12,1,0
BRDA:260,13,0,0
BRDA:279,14,0,0
BRDA:350,15,0,0
BRDA:350,15,1,0
BRDA:351,16,0,0
BRDA:351,16,1,0
BRDA:354,17,0,0
BRDA:354,17,1,0
BRDA:360,18,0,0
BRDA:379,19,0,0
BRDA:436,20,0,0
BRDA:436,21,0,0
BRDA:436,21,1,0
BRDA:447,22,0,0
BRF:36
BRH:0
end_of_record
TN:
SF:src/broker/broker-auth-middleware.ts
FN:43,createBrokerAuthMiddleware
FN:55,(anonymous_1)
FN:120,(anonymous_2)
FN:267,requireBrokerDomain
FN:268,(anonymous_4)
FN:301,requireCertificationTier
FN:310,(anonymous_6)
FNF:7
FNH:0
FNDA:0,createBrokerAuthMiddleware
FNDA:0,(anonymous_1)
FNDA:0,(anonymous_2)
FNDA:0,requireBrokerDomain
FNDA:0,(anonymous_4)
FNDA:0,requireCertificationTier
FNDA:0,(anonymous_6)
DA:13,0
DA:51,0
DA:53,0
DA:55,0
DA:56,0
DA:58,0
DA:60,0
DA:62,0
DA:63,0
DA:64,0
DA:67,0
DA:72,0
DA:81,0
DA:82,0
DA:83,0
DA:88,0
DA:96,0
DA:99,0
DA:101,0
DA:102,0
DA:108,0
DA:116,0
DA:119,0
DA:120,0
DA:121,0
DA:124,0
DA:125,0
DA:132,0
DA:143,0
DA:148,0
DA:149,0
DA:157,0
DA:188,0
DA:189,0
DA:191,0
DA:192,0
DA:197,0
DA:205,0
DA:211,0
DA:212,0
DA:222,0
DA:223,0
DA:226,0
DA:235,0
DA:236,0
DA:243,0
DA:246,0
DA:253,0
DA:268,0
DA:269,0
DA:270,0
DA:278,0
DA:279,0
DA:285,0
DA:293,0
DA:304,0
DA:310,0
DA:311,0
DA:312,0
DA:320,0
DA:321,0
DA:323,0
DA:324,0
DA:331,0
DA:339,0
LF:65
LH:0
BRDA:14,0,0,0
BRDA:14,0,1,0
BRDA:45,1,0,0
BRDA:48,2,0,0
BRDA:49,3,0,0
BRDA:50,4,0,0
BRDA:62,5,0,0
BRDA:63,6,0,0
BRDA:82,7,0,0
BRDA:82,8,0,0
BRDA:82,8,1,0
BRDA:101,9,0,0
BRDA:119,10,0,0
BRDA:124,11,0,0
BRDA:148,12,0,0
BRDA:188,13,0,0
BRDA:188,14,0,0
BRDA:188,14,1,0
BRDA:191,15,0,0
BRDA:211,16,0,0
BRDA:269,17,0,0
BRDA:278,18,0,0
BRDA:311,19,0,0
BRDA:323,20,0,0
BRF:24
BRH:0
end_of_record
TN:
SF:src/broker/broker-service.ts
FN:71,(anonymous_0)
FN:79,(anonymous_1)
FN:196,(anonymous_2)
FN:281,(anonymous_3)
FN:345,(anonymous_4)
FN:377,(anonymous_5)
FN:418,(anonymous_6)
FN:452,(anonymous_7)
FN:466,(anonymous_8)
FNF:9
FNH:0
FNDA:0,(anonymous_0)
FNDA:0,(anonymous_1)
FNDA:0,(anonymous_2)
FNDA:0,(anonymous_3)
FNDA:0,(anonymous_4)
FNDA:0,(anonymous_5)
FNDA:0,(anonymous_6)
FNDA:0,(anonymous_7)
FNDA:0,(anonymous_8)
DA:13,0
DA:68,0
DA:69,0
DA:72,0
DA:80,0
DA:82,0
DA:85,0
DA:100,0
DA:101,0
DA:102,0
DA:105,0
DA:108,0
DA:110,0
DA:111,0
DA:112,0
DA:118,0
DA:122,0
DA:123,0
DA:124,0
DA:130,0
DA:134,0
DA:135,0
DA:136,0
DA:139,0
DA:140,0
DA:141,0
DA:144,0
DA:145,0
DA:146,0
DA:149,0
DA:150,0
DA:151,0
DA:155,0
DA:162,0
DA:175,0
DA:184,0
DA:186,0
DA:188,0
DA:189,0
DA:197,0
DA:198,0
DA:199,0
DA:201,0
DA:203,0
DA:209,0
DA:210,0
DA:213,0
DA:216,0
DA:226,0
DA:229,0
DA:239,0
DA:242,0
DA:243,0
DA:244,0
DA:246,0
DA:247,0
DA:249,0
DA:259,0
DA:260,0
DA:262,0
DA:263,0
DA:265,0
DA:273,0
DA:274,0
DA:286,0
DA:287,0
DA:290,0
DA:291,0
DA:292,0
DA:295,0
DA:296,0
DA:297,0
DA:300,0
DA:302,0
DA:305,0
DA:311,0
DA:318,0
DA:319,0
DA:320,0
DA:329,0
DA:331,0
DA:332,0
DA:338,0
DA:350,0
DA:352,0
DA:353,0
DA:356,0
DA:367,0
DA:369,0
DA:370,0
DA:378,0
DA:379,0
DA:398,0
DA:399,0
DA:406,0
DA:409,0
DA:424,0
DA:426,0
DA:427,0
DA:428,0
DA:430,0
DA:434,0
DA:440,0
DA:442,0
DA:444,0
DA:445,0
DA:453,0
DA:460,0
DA:481,0
DA:482,0
DA:495,0
LF:111
LH:0
BRDA:14,0,0,0
BRDA:14,0,1,0
BRDA:100,1,0,0
BRDA:110,2,0,0
BRDA:122,3,0,0
BRDA:122,4,0,0
BRDA:122,4,1,0
BRDA:134,5,0,0
BRDA:139,6,0,0
BRDA:144,7,0,0
BRDA:149,8,0,0
BRDA:180,9,0,0
BRDA:180,9,1,0
BRDA:181,10,0,0
BRDA:181,10,1,0
BRDA:209,11,0,0
BRDA:244,12,0,0
BRDA:244,12,1,0
BRDA:246,13,0,0
BRDA:252,14,0,0
BRDA:252,14,1,0
BRDA:255,15,0,0
BRDA:255,15,1,0
BRDA:286,16,0,0
BRDA:290,17,0,0
BRDA:295,18,0,0
BRDA:318,19,0,0
BRDA:352,20,0,0
BRDA:390,21,0,0
BRDA:390,21,1,0
BRDA:391,22,0,0
BRDA:391,22,1,0
BRDA:392,23,0,0
BRDA:392,23,1,0
BRDA:393,24,0,0
BRDA:393,24,1,0
BRDA:394,25,0,0
BRDA:394,25,1,0
BRDA:398,26,0,0
BRDA:421,27,0,0
BRDA:430,28,0,0
BRDA:430,28,1,0
BRF:42
BRH:0
end_of_record
TN:
SF:src/broker/webhook-retry-processor.ts
FN:30,(anonymous_0)
FN:41,(anonymous_1)
FN:53,(anonymous_2)
FN:61,(anonymous_3)
FN:72,(anonymous_4)
FN:93,(anonymous_5)
FNF:6
FNH:0
FNDA:0,(anonymous_0)
FNDA:0,(anonymous_1)
FNDA:0,(anonymous_2)
FNDA:0,(anonymous_3)
FNDA:0,(anonymous_4)
FNDA:0,(anonymous_5)
DA:12,0
DA:26,0
DA:28,0
DA:34,0
DA:35,0
DA:42,0
DA:43,0
DA:44,0
DA:47,0
DA:50,0
DA:53,0
DA:54,0
DA:62,0
DA:63,0
DA:64,0
DA:65,0
DA:73,0
DA:74,0
DA:75,0
DA:78,0
DA:80,0
DA:81,0
DA:82,0
DA:84,0
DA:86,0
DA:94,0
LF:26
LH:0
BRDA:13,0,0,0
BRDA:13,0,1,0
BRDA:32,1,0,0
BRDA:42,2,0,0
BRDA:62,3,0,0
BRDA:73,4,0,0
BRF:6
BRH:0
end_of_record
TN:
SF:src/broker/webhook-service.ts
FN:45,(anonymous_0)
FN:52,(anonymous_1)
FN:128,(anonymous_2)
FN:157,(anonymous_3)
FN:171,(anonymous_4)
FN:226,(anonymous_5)
FN:282,(anonymous_6)
FN:338,(anonymous_7)
FN:373,(anonymous_8)
FN:383,(anonymous_9)
FN:403,(anonymous_10)
FN:420,(anonymous_11)
FN:433,(anonymous_12)
FNF:13
FNH:0
FNDA:0,(anonymous_0)
FNDA:0,(anonymous_1)
FNDA:0,(anonymous_2)
FNDA:0,(anonymous_3)
FNDA:0,(anonymous_4)
FNDA:0,(anonymous_5)
FNDA:0,(anonymous_6)
FNDA:0,(anonymous_7)
FNDA:0,(anonymous_8)
FNDA:0,(anonymous_9)
FNDA:0,(anonymous_10)
FNDA:0,(anonymous_11)
FNDA:0,(anonymous_12)
DA:11,0
DA:46,0
DA:64,0
DA:66,0
DA:67,0
DA:68,0
DA:72,0
DA:73,0
DA:76,0
DA:84,0
DA:85,0
DA:86,0
DA:90,0
DA:115,0
DA:116,0
DA:118,0
DA:120,0
DA:121,0
DA:133,0
DA:135,0
DA:143,0
DA:144,0
DA:145,0
DA:148,0
DA:156,0
DA:157,0
DA:158,0
DA:163,0
DA:176,0
DA:180,0
DA:182,0
DA:185,0
DA:192,0
DA:195,0
DA:197,0
DA:200,0
DA:210,0
DA:211,0
DA:214,0
DA:218,0
DA:225,0
DA:226,0
DA:228,0
DA:230,0
DA:248,0
DA:254,0
DA:257,0
DA:268,0
DA:269,0
DA:289,0
DA:291,0
DA:295,0
DA:296,0
DA:298,0
DA:300,0
DA:301,0
DA:303,0
DA:315,0
DA:318,0
DA:328,0
DA:331,0
DA:339,0
DA:341,0
DA:354,0
DA:355,0
DA:359,0
DA:362,0
DA:363,0
DA:366,0
DA:374,0
DA:375,0
DA:376,0
DA:377,0
DA:384,0
DA:385,0
DA:386,0
DA:387,0
DA:390,0
DA:391,0
DA:394,0
DA:396,0
DA:404,0
DA:414,0
DA:421,0
DA:427,0
DA:434,0
DA:452,0
DA:453,0
DA:455,0
LF:89
LH:0
BRDA:12,0,0,0
BRDA:12,0,1,0
BRDA:57,1,0,0
BRDA:67,2,0,0
BRDA:72,3,0,0
BRDA:72,4,0,0
BRDA:72,4,1,0
BRDA:85,5,0,0
BRDA:109,6,0,0
BRDA:109,6,1,0
BRDA:110,7,0,0
BRDA:110,7,1,0
BRDA:111,8,0,0
BRDA:111,8,1,0
BRDA:112,9,0,0
BRDA:112,9,1,0
BRDA:143,10,0,0
BRDA:180,11,0,0
BRDA:180,11,1,0
BRDA:210,12,0,0
BRDA:211,13,0,0
BRDA:211,13,1,0
BRDA:228,14,0,0
BRDA:228,14,1,0
BRDA:298,15,0,0
BRDA:298,15,1,0
BRDA:355,16,0,0
BRDA:355,16,1,0
BRDA:362,17,0,0
BRDA:390,18,0,0
BRDA:434,19,0,0
BRDA:434,19,1,0
BRDA:452,20,0,0
BRDA:452,20,1,0
BRF:34
BRH:0
end_of_record
TN:
SF:src/database/client.ts
FN:17,initDatabase
FN:52,initSchema
FN:72,getPool
FN:82,closeDatabase
FN:95,(anonymous_4)
FN:103,(anonymous_5)
FN:111,(anonymous_6)
FN:129,(anonymous_7)
FN:145,(anonymous_8)
FN:150,(anonymous_9)
FN:155,(anonymous_10)
FN:160,(anonymous_11)
FN:165,(anonymous_12)
FN:172,(anonymous_13)
FN:182,(anonymous_14)
FN:192,(anonymous_15)
FN:200,(anonymous_16)
FN:210,(anonymous_17)
FN:255,(anonymous_18)
FN:263,(anonymous_19)
FN:271,(anonymous_20)
FN:279,(anonymous_21)
FN:290,(anonymous_22)
FN:315,(anonymous_23)
FN:341,(anonymous_24)
FN:354,(anonymous_25)
FN:377,(anonymous_26)
FN:396,(anonymous_27)
FN:399,(anonymous_28)
FN:405,(anonymous_29)
FN:409,(anonymous_30)
FN:413,(anonymous_31)
FN:417,(anonymous_32)
FNF:33
FNH:0
FNDA:0,initDatabase
FNDA:0,initSchema
FNDA:0,getPool
FNDA:0,closeDatabase
FNDA:0,(anonymous_4)
FNDA:0,(anonymous_5)
FNDA:0,(anonymous_6)
FNDA:0,(anonymous_7)
FNDA:0,(anonymous_8)
FNDA:0,(anonymous_9)
FNDA:0,(anonymous_10)
FNDA:0,(anonymous_11)
FNDA:0,(anonymous_12)
FNDA:0,(anonymous_13)
FNDA:0,(anonymous_14)
FNDA:0,(anonymous_15)
FNDA:0,(anonymous_16)
FNDA:0,(anonymous_17)
FNDA:0,(anonymous_18)
FNDA:0,(anonymous_19)
FNDA:0,(anonymous_20)
FNDA:0,(anonymous_21)
FNDA:0,(anonymous_22)
FNDA:0,(anonymous_23)
FNDA:0,(anonymous_24)
FNDA:0,(anonymous_25)
FNDA:0,(anonymous_26)
FNDA:0,(anonymous_27)
FNDA:0,(anonymous_28)
FNDA:0,(anonymous_29)
FNDA:0,(anonymous_30)
FNDA:0,(anonymous_31)
FNDA:0,(anonymous_32)
DA:6,0
DA:8,0
DA:9,0
DA:12,0
DA:18,0
DA:19,0
DA:22,0
DA:24,0
DA:25,0
DA:28,0
DA:36,0
DA:37,0
DA:38,0
DA:39,0
DA:40,0
DA:42,0
DA:43,0
DA:46,0
DA:53,0
DA:54,0
DA:57,0
DA:58,0
DA:60,0
DA:61,0
DA:62,0
DA:64,0
DA:65,0
DA:73,0
DA:74,0
DA:76,0
DA:83,0
DA:84,0
DA:85,0
DA:86,0
DA:91,0
DA:96,0
DA:97,0
DA:104,0
DA:105,0
DA:112,0
DA:114,0
DA:115,0
DA:116,0
DA:117,0
DA:118,0
DA:120,0
DA:121,0
DA:123,0
DA:136,0
DA:142,0
DA:146,0
DA:147,0
DA:151,0
DA:152,0
DA:156,0
DA:157,0
DA:161,0
DA:162,0
DA:166,0
DA:173,0
DA:183,0
DA:189,0
DA:193,0
DA:197,0
DA:201,0
DA:227,0
DA:252,0
DA:256,0
DA:260,0
DA:264,0
DA:268,0
DA:272,0
DA:276,0
DA:280,0
DA:287,0
DA:291,0
DA:309,0
DA:324,0
DA:342,0
DA:348,0
DA:362,0
DA:378,0
DA:385,0
DA:398,0
DA:399,0
DA:400,0
DA:406,0
DA:410,0
DA:414,0
DA:418,0
LF:90
LH:0
BRDA:18,0,0,0
BRDA:24,1,0,0
BRDA:53,2,0,0
BRDA:73,3,0,0
BRDA:83,4,0,0
BRDA:187,5,0,0
BRDA:187,5,1,0
BRDA:243,6,0,0
BRDA:243,6,1,0
BRDA:247,7,0,0
BRDA:247,7,1,0
BRDA:248,8,0,0
BRDA:248,8,1,0
BRDA:249,9,0,0
BRDA:249,9,1,0
BRDA:279,10,0,0
BRDA:279,11,0,0
BRDA:341,12,0,0
BRDA:371,13,0,0
BRDA:371,13,1,0
BRDA:377,14,0,0
BRDA:398,15,0,0
BRF:22
BRH:0
end_of_record
TN:
SF:src/database/init-db.ts
FN:15,initDatabase
FN:48,(anonymous_1)
FNF:2
FNH:0
FNDA:0,initDatabase
FNDA:0,(anonymous_1)
DA:12,0
DA:13,0
DA:16,0
DA:18,0
DA:20,0
DA:22,0
DA:23,0
DA:24,0
DA:25,0
DA:28,0
DA:29,0
DA:30,0
DA:31,0
DA:34,0
DA:35,0
DA:36,0
DA:39,0
DA:40,0
DA:47,0
DA:48,0
DA:49,0
DA:51,0
DA:54,0
DA:55,0
DA:56,0
DA:57,0
DA:58,0
DA:59,0
DA:61,0
DA:64,0
DA:65,0
DA:66,0
DA:67,0
DA:69,0
DA:72,0
DA:73,0
DA:74,0
DA:75,0
DA:76,0
DA:79,0
DA:81,0
DA:82,0
DA:83,0
DA:84,0
DA:85,0
DA:86,0
DA:87,0
DA:88,0
DA:89,0
DA:90,0
DA:93,0
DA:95,0
DA:100,0
DA:101,0
LF:54
LH:0
BRDA:55,0,0,0
BRDA:55,0,1,0
BRDA:58,1,0,0
BRDA:58,1,1,0
BRDA:64,2,0,0
BRDA:64,2,1,0
BRDA:64,3,0,0
BRDA:64,3,1,0
BRDA:66,4,0,0
BRDA:66,4,1,0
BRDA:81,5,0,0
BRDA:81,5,1,0
BRDA:85,6,0,0
BRDA:85,6,1,0
BRDA:85,7,0,0
BRDA:85,7,1,0
BRDA:88,8,0,0
BRDA:100,9,0,0
BRF:18
BRH:0
end_of_record
TN:
SF:src/routes/health.ts
FN:18,(anonymous_0)
FN:44,(anonymous_1)
FN:101,(anonymous_2)
FN:123,(anonymous_3)
FNF:4
FNH:0
FNDA:0,(anonymous_0)
FNDA:0,(anonymous_1)
FNDA:0,(anonymous_2)
FNDA:0,(anonymous_3)
DA:11,0
DA:12,0
DA:18,0
DA:19,0
DA:21,0
DA:23,0
DA:32,0
DA:44,0
DA:45,0
DA:46,0
DA:47,0
DA:50,0
DA:61,0
DA:63,0
DA:89,0
DA:101,0
DA:102,0
DA:103,0
DA:105,0
DA:121,0
DA:123,0
DA:135,0
LF:22
LH:0
BRDA:46,0,0,0
BRDA:46,0,1,0
BRDA:47,1,0,0
BRDA:47,1,1,0
BRDA:64,2,0,0
BRDA:64,2,1,0
BRDA:69,3,0,0
BRDA:69,3,1,0
BRDA:70,4,0,0
BRDA:70,4,1,0
BRDA:78,5,0,0
BRDA:78,5,1,0
BRDA:82,6,0,0
BRDA:82,6,1,0
BRDA:84,7,0,0
BRDA:84,7,1,0
BRDA:103,8,0,0
BRDA:103,8,1,0
BRF:18
BRH:0
end_of_record
TN:
SF:src/types/daoncore/contentregistry/v1/content_record.ts
FN:24,createBaseContentRecord
FN:38,(anonymous_1)
FN:66,(anonymous_2)
FN:146,(anonymous_3)
FN:155,(anonymous_4)
FN:158,(anonymous_5)
FN:163,(anonymous_6)
FN:192,(anonymous_7)
FN:195,(anonymous_8)
FN:203,(anonymous_9)
FN:204,(anonymous_10)
FN:221,longToNumber
FN:232,isSet
FNF:13
FNH:0
FNDA:0,createBaseContentRecord
FNDA:0,(anonymous_1)
FNDA:0,(anonymous_2)
FNDA:0,(anonymous_3)
FNDA:0,(anonymous_4)
FNDA:0,(anonymous_5)
FNDA:0,(anonymous_6)
FNDA:0,(anonymous_7)
FNDA:0,(anonymous_8)
FNDA:0,(anonymous_9)
FNDA:0,(anonymous_10)
FNDA:0,longToNumber
FNDA:0,isSet
DA:10,0
DA:25,0
DA:37,0
DA:39,0
DA:40,0
DA:42,0
DA:43,0
DA:45,0
DA:46,0
DA:48,0
DA:49,0
DA:51,0
DA:52,0
DA:54,0
DA:55,0
DA:57,0
DA:58,0
DA:60,0
DA:61,0
DA:63,0
DA:67,0
DA:68,0
DA:69,0
DA:70,0
DA:71,0
DA:72,0
DA:74,0
DA:75,0
DA:78,0
DA:79,0
DA:82,0
DA:83,0
DA:86,0
DA:87,0
DA:90,0
DA:91,0
DA:94,0
DA:95,0
DA:98,0
DA:99,0
DA:102,0
DA:103,0
DA:106,0
DA:107,0
DA:110,0
DA:111,0
DA:114,0
DA:115,0
DA:118,0
DA:119,0
DA:122,0
DA:123,0
DA:126,0
DA:127,0
DA:130,0
DA:131,0
DA:134,0
DA:135,0
DA:138,0
DA:139,0
DA:141,0
DA:143,0
DA:147,0
DA:155,0
DA:158,0
DA:164,0
DA:165,0
DA:166,0
DA:168,0
DA:169,0
DA:171,0
DA:172,0
DA:174,0
DA:175,0
DA:177,0
DA:178,0
DA:180,0
DA:181,0
DA:183,0
DA:184,0
DA:186,0
DA:187,0
DA:189,0
DA:193,0
DA:196,0
DA:197,0
DA:198,0
DA:199,0
DA:200,0
DA:201,0
DA:202,0
DA:203,0
DA:204,0
DA:205,0
DA:222,0
DA:223,0
DA:224,0
DA:226,0
DA:227,0
DA:229,0
DA:233,0
LF:101
LH:0
BRDA:38,0,0,0
BRDA:39,1,0,0
BRDA:42,2,0,0
BRDA:45,3,0,0
BRDA:48,4,0,0
BRDA:51,5,0,0
BRDA:54,6,0,0
BRDA:67,7,0,0
BRDA:67,7,1,0
BRDA:68,8,0,0
BRDA:68,8,1,0
BRDA:72,9,0,0
BRDA:72,9,1,0
BRDA:72,9,2,0
BRDA:72,9,3,0
BRDA:72,9,4,0
BRDA:72,9,5,0
BRDA:72,9,6,0
BRDA:72,9,7,0
BRDA:74,10,0,0
BRDA:82,11,0,0
BRDA:90,12,0,0
BRDA:98,13,0,0
BRDA:106,14,0,0
BRDA:114,15,0,0
BRDA:122,16,0,0
BRDA:130,17,0,0
BRDA:138,18,0,0
BRDA:138,19,0,0
BRDA:138,19,1,0
BRDA:148,20,0,0
BRDA:148,20,1,0
BRDA:149,21,0,0
BRDA:149,21,1,0
BRDA:150,22,0,0
BRDA:150,22,1,0
BRDA:151,23,0,0
BRDA:151,23,1,0
BRDA:152,24,0,0
BRDA:152,24,1,0
BRDA:153,25,0,0
BRDA:153,25,1,0
BRDA:154,26,0,0
BRDA:154,26,1,0
BRDA:157,27,0,0
BRDA:157,27,1,0
BRDA:165,28,0,0
BRDA:168,29,0,0
BRDA:171,30,0,0
BRDA:174,31,0,0
BRDA:177,32,0,0
BRDA:180,33,0,0
BRDA:183,34,0,0
BRDA:186,35,0,0
BRDA:193,36,0,0
BRDA:193,36,1,0
BRDA:197,37,0,0
BRDA:197,37,1,0
BRDA:198,38,0,0
BRDA:198,38,1,0
BRDA:199,39,0,0
BRDA:199,39,1,0
BRDA:200,40,0,0
BRDA:200,40,1,0
BRDA:201,41,0,0
BRDA:201,41,1,0
BRDA:202,42,0,0
BRDA:202,42,1,0
BRDA:203,43,0,0
BRDA:203,43,1,0
BRDA:204,44,0,0
BRDA:204,44,1,0
BRDA:223,45,0,0
BRDA:226,46,0,0
BRDA:233,47,0,0
BRDA:233,47,1,0
BRF:76
BRH:0
end_of_record
TN:
SF:src/types/daoncore/contentregistry/v1/genesis.ts
FN:19,createBaseGenesisState
FN:24,(anonymous_1)
FN:31,(anonymous_2)
FN:55,(anonymous_3)
FN:59,(anonymous_4)
FN:67,(anonymous_5)
FN:70,(anonymous_6)
FN:91,isSet
FNF:8
FNH:0
FNDA:0,createBaseGenesisState
FNDA:0,(anonymous_1)
FNDA:0,(anonymous_2)
FNDA:0,(anonymous_3)
FNDA:0,(anonymous_4)
FNDA:0,(anonymous_5)
FNDA:0,(anonymous_6)
FNDA:0,isSet
DA:11,0
DA:20,0
DA:23,0
DA:25,0
DA:26,0
DA:28,0
DA:32,0
DA:33,0
DA:34,0
DA:35,0
DA:36,0
DA:37,0
DA:39,0
DA:40,0
DA:43,0
DA:44,0
DA:47,0
DA:48,0
DA:50,0
DA:52,0
DA:56,0
DA:60,0
DA:61,0
DA:62,0
DA:64,0
DA:68,0
DA:71,0
DA:72,0
DA:75,0
DA:92,0
LF:30
LH:0
BRDA:24,0,0,0
BRDA:25,1,0,0
BRDA:32,2,0,0
BRDA:32,2,1,0
BRDA:33,3,0,0
BRDA:33,3,1,0
BRDA:37,4,0,0
BRDA:39,5,0,0
BRDA:47,6,0,0
BRDA:47,7,0,0
BRDA:47,7,1,0
BRDA:56,8,0,0
BRDA:56,8,1,0
BRDA:61,9,0,0
BRDA:68,10,0,0
BRDA:68,10,1,0
BRDA:72,11,0,0
BRDA:72,11,1,0
BRDA:72,12,0,0
BRDA:72,12,1,0
BRDA:92,13,0,0
BRDA:92,13,1,0
BRF:22
BRH:0
end_of_record
TN:
SF:src/types/daoncore/contentregistry/v1/params.ts
FN:16,createBaseParams
FN:21,(anonymous_1)
FN:25,(anonymous_2)
FN:41,(anonymous_3)
FN:45,(anonymous_4)
FN:50,(anonymous_5)
FN:53,(anonymous_6)
FNF:7
FNH:0
FNDA:0,createBaseParams
FNDA:0,(anonymous_1)
FNDA:0,(anonymous_2)
FNDA:0,(anonymous_3)
FNDA:0,(anonymous_4)
FNDA:0,(anonymous_5)
FNDA:0,(anonymous_6)
DA:10,0
DA:17,0
DA:20,0
DA:22,0
DA:26,0
DA:27,0
DA:28,0
DA:29,0
DA:30,0
DA:31,0
DA:33,0
DA:34,0
DA:36,0
DA:38,0
DA:42,0
DA:46,0
DA:47,0
DA:51,0
DA:54,0
DA:55,0
LF:20
LH:0
BRDA:21,0,0,0
BRDA:26,1,0,0
BRDA:26,1,1,0
BRDA:27,2,0,0
BRDA:27,2,1,0
BRDA:33,3,0,0
BRDA:33,4,0,0
BRDA:33,4,1,0
BRDA:51,5,0,0
BRDA:51,5,1,0
BRF:10
BRH:0
end_of_record
TN:
SF:src/types/daoncore/contentregistry/v1/query.ts
FN:36,createBaseQueryParamsRequest
FN:41,(anonymous_1)
FN:45,(anonymous_2)
FN:61,(anonymous_3)
FN:65,(anonymous_4)
FN:70,(anonymous_5)
FN:73,(anonymous_6)
FN:79,createBaseQueryParamsResponse
FN:84,(anonymous_8)
FN:91,(anonymous_9)
FN:115,(anonymous_10)
FN:119,(anonymous_11)
FN:127,(anonymous_12)
FN:130,(anonymous_13)
FN:139,createBaseQueryVerifyContentRequest
FN:144,(anonymous_15)
FN:151,(anonymous_16)
FN:175,(anonymous_17)
FN:179,(anonymous_18)
FN:187,(anonymous_19)
FN:190,(anonymous_20)
FN:197,createBaseQueryVerifyContentResponse
FN:202,(anonymous_22)
FN:218,(anonymous_23)
FN:266,(anonymous_24)
FN:275,(anonymous_25)
FN:292,(anonymous_26)
FN:295,(anonymous_27)
FN:317,(anonymous_28)
FN:323,(anonymous_29)
FN:326,(anonymous_30)
FN:329,(anonymous_31)
FN:332,(anonymous_32)
FN:352,longToNumber
FN:363,isSet
FNF:35
FNH:0
FNDA:0,createBaseQueryParamsRequest
FNDA:0,(anonymous_1)
FNDA:0,(anonymous_2)
FNDA:0,(anonymous_3)
FNDA:0,(anonymous_4)
FNDA:0,(anonymous_5)
FNDA:0,(anonymous_6)
FNDA:0,createBaseQueryParamsResponse
FNDA:0,(anonymous_8)
FNDA:0,(anonymous_9)
FNDA:0,(anonymous_10)
FNDA:0,(anonymous_11)
FNDA:0,(anonymous_12)
FNDA:0,(anonymous_13)
FNDA:0,createBaseQueryVerifyContentRequest
FNDA:0,(anonymous_15)
FNDA:0,(anonymous_16)
FNDA:0,(anonymous_17)
FNDA:0,(anonymous_18)
FNDA:0,(anonymous_19)
FNDA:0,(anonymous_20)
FNDA:0,createBaseQueryVerifyContentResponse
FNDA:0,(anonymous_22)
FNDA:0,(anonymous_23)
FNDA:0,(anonymous_24)
FNDA:0,(anonymous_25)
FNDA:0,(anonymous_26)
FNDA:0,(anonymous_27)
FNDA:0,(anonymous_28)
FNDA:0,(anonymous_29)
FNDA:0,(anonymous_30)
FNDA:0,(anonymous_31)
FNDA:0,(anonymous_32)
FNDA:0,longToNumber
FNDA:0,isSet
DA:11,0
DA:37,0
DA:40,0
DA:42,0
DA:46,0
DA:47,0
DA:48,0
DA:49,0
DA:50,0
DA:51,0
DA:53,0
DA:54,0
DA:56,0
DA:58,0
DA:62,0
DA:66,0
DA:67,0
DA:71,0
DA:74,0
DA:75,0
DA:80,0
DA:83,0
DA:85,0
DA:86,0
DA:88,0
DA:92,0
DA:93,0
DA:94,0
DA:95,0
DA:96,0
DA:97,0
DA:99,0
DA:100,0
DA:103,0
DA:104,0
DA:107,0
DA:108,0
DA:110,0
DA:112,0
DA:116,0
DA:120,0
DA:121,0
DA:122,0
DA:124,0
DA:128,0
DA:131,0
DA:132,0
DA:135,0
DA:140,0
DA:143,0
DA:145,0
DA:146,0
DA:148,0
DA:152,0
DA:153,0
DA:154,0
DA:155,0
DA:156,0
DA:157,0
DA:159,0
DA:160,0
DA:163,0
DA:164,0
DA:167,0
DA:168,0
DA:170,0
DA:172,0
DA:176,0
DA:180,0
DA:181,0
DA:182,0
DA:184,0
DA:188,0
DA:191,0
DA:192,0
DA:193,0
DA:198,0
DA:201,0
DA:203,0
DA:204,0
DA:206,0
DA:207,0
DA:209,0
DA:210,0
DA:212,0
DA:213,0
DA:215,0
DA:219,0
DA:220,0
DA:221,0
DA:222,0
DA:223,0
DA:224,0
DA:226,0
DA:227,0
DA:230,0
DA:231,0
DA:234,0
DA:235,0
DA:238,0
DA:239,0
DA:242,0
DA:243,0
DA:246,0
DA:247,0
DA:250,0
DA:251,0
DA:254,0
DA:255,0
DA:258,0
DA:259,0
DA:261,0
DA:263,0
DA:267,0
DA:276,0
DA:277,0
DA:278,0
DA:280,0
DA:281,0
DA:283,0
DA:284,0
DA:286,0
DA:287,0
DA:289,0
DA:293,0
DA:296,0
DA:297,0
DA:298,0
DA:299,0
DA:300,0
DA:301,0
DA:313,0
DA:318,0
DA:319,0
DA:320,0
DA:321,0
DA:324,0
DA:325,0
DA:326,0
DA:330,0
DA:331,0
DA:332,0
DA:353,0
DA:354,0
DA:355,0
DA:357,0
DA:358,0
DA:360,0
DA:364,0
LF:149
LH:0
BRDA:41,0,0,0
BRDA:46,1,0,0
BRDA:46,1,1,0
BRDA:47,2,0,0
BRDA:47,2,1,0
BRDA:53,3,0,0
BRDA:53,4,0,0
BRDA:53,4,1,0
BRDA:71,5,0,0
BRDA:71,5,1,0
BRDA:84,6,0,0
BRDA:85,7,0,0
BRDA:92,8,0,0
BRDA:92,8,1,0
BRDA:93,9,0,0
BRDA:93,9,1,0
BRDA:97,10,0,0
BRDA:99,11,0,0
BRDA:107,12,0,0
BRDA:107,13,0,0
BRDA:107,13,1,0
BRDA:116,14,0,0
BRDA:116,14,1,0
BRDA:121,15,0,0
BRDA:128,16,0,0
BRDA:128,16,1,0
BRDA:132,17,0,0
BRDA:132,17,1,0
BRDA:132,18,0,0
BRDA:132,18,1,0
BRDA:144,19,0,0
BRDA:145,20,0,0
BRDA:152,21,0,0
BRDA:152,21,1,0
BRDA:153,22,0,0
BRDA:153,22,1,0
BRDA:157,23,0,0
BRDA:159,24,0,0
BRDA:167,25,0,0
BRDA:167,26,0,0
BRDA:167,26,1,0
BRDA:176,27,0,0
BRDA:176,27,1,0
BRDA:181,28,0,0
BRDA:188,29,0,0
BRDA:188,29,1,0
BRDA:192,30,0,0
BRDA:192,30,1,0
BRDA:202,31,0,0
BRDA:203,32,0,0
BRDA:206,33,0,0
BRDA:209,34,0,0
BRDA:212,35,0,0
BRDA:219,36,0,0
BRDA:219,36,1,0
BRDA:220,37,0,0
BRDA:220,37,1,0
BRDA:224,38,0,0
BRDA:224,38,1,0
BRDA:224,38,2,0
BRDA:224,38,3,0
BRDA:226,39,0,0
BRDA:234,40,0,0
BRDA:242,41,0,0
BRDA:250,42,0,0
BRDA:258,43,0,0
BRDA:258,44,0,0
BRDA:258,44,1,0
BRDA:268,45,0,0
BRDA:268,45,1,0
BRDA:269,46,0,0
BRDA:269,46,1,0
BRDA:270,47,0,0
BRDA:270,47,1,0
BRDA:271,48,0,0
BRDA:271,48,1,0
BRDA:277,49,0,0
BRDA:280,50,0,0
BRDA:283,51,0,0
BRDA:286,52,0,0
BRDA:293,53,0,0
BRDA:293,53,1,0
BRDA:297,54,0,0
BRDA:297,54,1,0
BRDA:298,55,0,0
BRDA:298,55,1,0
BRDA:299,56,0,0
BRDA:299,56,1,0
BRDA:300,57,0,0
BRDA:300,57,1,0
BRDA:318,58,0,0
BRDA:318,58,1,0
BRDA:354,59,0,0
BRDA:357,60,0,0
BRDA:364,61,0,0
BRDA:364,61,1,0
BRF:96
BRH:0
end_of_record
TN:
SF:src/types/daoncore/contentregistry/v1/tx.ts
FN:52,createBaseMsgUpdateParams
FN:57,(anonymous_1)
FN:67,(anonymous_2)
FN:99,(anonymous_3)
FN:106,(anonymous_4)
FN:117,(anonymous_5)
FN:120,(anonymous_6)
FN:130,createBaseMsgUpdateParamsResponse
FN:135,(anonymous_8)
FN:139,(anonymous_9)
FN:155,(anonymous_10)
FN:159,(anonymous_11)
FN:164,(anonymous_12)
FN:167,(anonymous_13)
FN:173,createBaseMsgRegisterContent
FN:178,(anonymous_15)
FN:197,(anonymous_16)
FN:253,(anonymous_17)
FN:263,(anonymous_18)
FN:283,(anonymous_19)
FN:286,(anonymous_20)
FN:297,createBaseMsgRegisterContentResponse
FN:302,(anonymous_22)
FN:306,(anonymous_23)
FN:322,(anonymous_24)
FN:326,(anonymous_25)
FN:331,(anonymous_26)
FN:334,(anonymous_27)
FN:340,createBaseMsgTransferOwnership
FN:345,(anonymous_29)
FN:358,(anonymous_30)
FN:398,(anonymous_31)
FN:406,(anonymous_32)
FN:420,(anonymous_33)
FN:423,(anonymous_34)
FN:432,createBaseMsgTransferOwnershipResponse
FN:437,(anonymous_36)
FN:441,(anonymous_37)
FN:457,(anonymous_38)
FN:461,(anonymous_39)
FN:466,(anonymous_40)
FN:469,(anonymous_41)
FN:492,(anonymous_42)
FN:499,(anonymous_43)
FN:502,(anonymous_44)
FN:505,(anonymous_45)
FN:508,(anonymous_46)
FN:511,(anonymous_47)
FN:514,(anonymous_48)
FN:534,isSet
FNF:50
FNH:0
FNDA:0,createBaseMsgUpdateParams
FNDA:0,(anonymous_1)
FNDA:0,(anonymous_2)
FNDA:0,(anonymous_3)
FNDA:0,(anonymous_4)
FNDA:0,(anonymous_5)
FNDA:0,(anonymous_6)
FNDA:0,createBaseMsgUpdateParamsResponse
FNDA:0,(anonymous_8)
FNDA:0,(anonymous_9)
FNDA:0,(anonymous_10)
FNDA:0,(anonymous_11)
FNDA:0,(anonymous_12)
FNDA:0,(anonymous_13)
FNDA:0,createBaseMsgRegisterContent
FNDA:0,(anonymous_15)
FNDA:0,(anonymous_16)
FNDA:0,(anonymous_17)
FNDA:0,(anonymous_18)
FNDA:0,(anonymous_19)
FNDA:0,(anonymous_20)
FNDA:0,createBaseMsgRegisterContentResponse
FNDA:0,(anonymous_22)
FNDA:0,(anonymous_23)
FNDA:0,(anonymous_24)
FNDA:0,(anonymous_25)
FNDA:0,(anonymous_26)
FNDA:0,(anonymous_27)
FNDA:0,createBaseMsgTransferOwnership
FNDA:0,(anonymous_29)
FNDA:0,(anonymous_30)
FNDA:0,(anonymous_31)
FNDA:0,(anonymous_32)
FNDA:0,(anonymous_33)
FNDA:0,(anonymous_34)
FNDA:0,createBaseMsgTransferOwnershipResponse
FNDA:0,(anonymous_36)
FNDA:0,(anonymous_37)
FNDA:0,(anonymous_38)
FNDA:0,(anonymous_39)
FNDA:0,(anonymous_40)
FNDA:0,(anonymous_41)
FNDA:0,(anonymous_42)
FNDA:0,(anonymous_43)
FNDA:0,(anonymous_44)
FNDA:0,(anonymous_45)
FNDA:0,(anonymous_46)
FNDA:0,(anonymous_47)
FNDA:0,(anonymous_48)
FNDA:0,isSet
DA:11,0
DA:53,0
DA:56,0
DA:58,0
DA:59,0
DA:61,0
DA:62,0
DA:64,0
DA:68,0
DA:69,0
DA:70,0
DA:71,0
DA:72,0
DA:73,0
DA:75,0
DA:76,0
DA:79,0
DA:80,0
DA:83,0
DA:84,0
DA:87,0
DA:88,0
DA:91,0
DA:92,0
DA:94,0
DA:96,0
DA:100,0
DA:107,0
DA:108,0
DA:109,0
DA:111,0
DA:112,0
DA:114,0
DA:118,0
DA:121,0
DA:122,0
DA:123,0
DA:126,0
DA:131,0
DA:134,0
DA:136,0
DA:140,0
DA:141,0
DA:142,0
DA:143,0
DA:144,0
DA:145,0
DA:147,0
DA:148,0
DA:150,0
DA:152,0
DA:156,0
DA:160,0
DA:161,0
DA:165,0
DA:168,0
DA:169,0
DA:174,0
DA:177,0
DA:179,0
DA:180,0
DA:182,0
DA:183,0
DA:185,0
DA:186,0
DA:188,0
DA:189,0
DA:191,0
DA:192,0
DA:194,0
DA:198,0
DA:199,0
DA:200,0
DA:201,0
DA:202,0
DA:203,0
DA:205,0
DA:206,0
DA:209,0
DA:210,0
DA:213,0
DA:214,0
DA:217,0
DA:218,0
DA:221,0
DA:222,0
DA:225,0
DA:226,0
DA:229,0
DA:230,0
DA:233,0
DA:234,0
DA:237,0
DA:238,0
DA:241,0
DA:242,0
DA:245,0
DA:246,0
DA:248,0
DA:250,0
DA:254,0
DA:264,0
DA:265,0
DA:266,0
DA:268,0
DA:269,0
DA:271,0
DA:272,0
DA:274,0
DA:275,0
DA:277,0
DA:278,0
DA:280,0
DA:284,0
DA:287,0
DA:288,0
DA:289,0
DA:290,0
DA:291,0
DA:292,0
DA:293,0
DA:298,0
DA:301,0
DA:303,0
DA:307,0
DA:308,0
DA:309,0
DA:310,0
DA:311,0
DA:312,0
DA:314,0
DA:315,0
DA:317,0
DA:319,0
DA:323,0
DA:327,0
DA:328,0
DA:332,0
DA:335,0
DA:336,0
DA:341,0
DA:344,0
DA:346,0
DA:347,0
DA:349,0
DA:350,0
DA:352,0
DA:353,0
DA:355,0
DA:359,0
DA:360,0
DA:361,0
DA:362,0
DA:363,0
DA:364,0
DA:366,0
DA:367,0
DA:370,0
DA:371,0
DA:374,0
DA:375,0
DA:378,0
DA:379,0
DA:382,0
DA:383,0
DA:386,0
DA:387,0
DA:390,0
DA:391,0
DA:393,0
DA:395,0
DA:399,0
DA:407,0
DA:408,0
DA:409,0
DA:411,0
DA:412,0
DA:414,0
DA:415,0
DA:417,0
DA:421,0
DA:424,0
DA:425,0
DA:426,0
DA:427,0
DA:428,0
DA:433,0
DA:436,0
DA:438,0
DA:442,0
DA:443,0
DA:444,0
DA:445,0
DA:446,0
DA:447,0
DA:449,0
DA:450,0
DA:452,0
DA:454,0
DA:458,0
DA:462,0
DA:463,0
DA:467,0
DA:470,0
DA:471,0
DA:488,0
DA:493,0
DA:494,0
DA:495,0
DA:496,0
DA:497,0
DA:500,0
DA:501,0
DA:502,0
DA:506,0
DA:507,0
DA:508,0
DA:512,0
DA:513,0
DA:514,0
DA:535,0
LF:221
LH:0
BRDA:57,0,0,0
BRDA:58,1,0,0
BRDA:61,2,0,0
BRDA:68,3,0,0
BRDA:68,3,1,0
BRDA:69,4,0,0
BRDA:69,4,1,0
BRDA:73,5,0,0
BRDA:73,5,1,0
BRDA:75,6,0,0
BRDA:83,7,0,0
BRDA:91,8,0,0
BRDA:91,9,0,0
BRDA:91,9,1,0
BRDA:101,10,0,0
BRDA:101,10,1,0
BRDA:102,11,0,0
BRDA:102,11,1,0
BRDA:108,12,0,0
BRDA:111,13,0,0
BRDA:118,14,0,0
BRDA:118,14,1,0
BRDA:122,15,0,0
BRDA:122,15,1,0
BRDA:123,16,0,0
BRDA:123,16,1,0
BRDA:123,17,0,0
BRDA:123,17,1,0
BRDA:135,18,0,0
BRDA:140,19,0,0
BRDA:140,19,1,0
BRDA:141,20,0,0
BRDA:141,20,1,0
BRDA:147,21,0,0
BRDA:147,22,0,0
BRDA:147,22,1,0
BRDA:165,23,0,0
BRDA:165,23,1,0
BRDA:178,24,0,0
BRDA:179,25,0,0
BRDA:182,26,0,0
BRDA:185,27,0,0
BRDA:188,28,0,0
BRDA:191,29,0,0
BRDA:198,30,0,0
BRDA:198,30,1,0
BRDA:199,31,0,0
BRDA:199,31,1,0
BRDA:203,32,0,0
BRDA:203,32,1,0
BRDA:203,32,2,0
BRDA:203,32,3,0
BRDA:203,32,4,0
BRDA:205,33,0,0
BRDA:213,34,0,0
BRDA:221,35,0,0
BRDA:229,36,0,0
BRDA:237,37,0,0
BRDA:245,38,0,0
BRDA:245,39,0,0
BRDA:245,39,1,0
BRDA:255,40,0,0
BRDA:255,40,1,0
BRDA:256,41,0,0
BRDA:256,41,1,0
BRDA:257,42,0,0
BRDA:257,42,1,0
BRDA:258,43,0,0
BRDA:258,43,1,0
BRDA:259,44,0,0
BRDA:259,44,1,0
BRDA:265,45,0,0
BRDA:268,46,0,0
BRDA:271,47,0,0
BRDA:274,48,0,0
BRDA:277,49,0,0
BRDA:284,50,0,0
BRDA:284,50,1,0
BRDA:288,51,0,0
BRDA:288,51,1,0
BRDA:289,52,0,0
BRDA:289,52,1,0
BRDA:290,53,0,0
BRDA:290,53,1,0
BRDA:291,54,0,0
BRDA:291,54,1,0
BRDA:292,55,0,0
BRDA:292,55,1,0
BRDA:302,56,0,0
BRDA:307,57,0,0
BRDA:307,57,1,0
BRDA:308,58,0,0
BRDA:308,58,1,0
BRDA:314,59,0,0
BRDA:314,60,0,0
BRDA:314,60,1,0
BRDA:332,61,0,0
BRDA:332,61,1,0
BRDA:345,62,0,0
BRDA:346,63,0,0
BRDA:349,64,0,0
BRDA:352,65,0,0
BRDA:359,66,0,0
BRDA:359,66,1,0
BRDA:360,67,0,0
BRDA:360,67,1,0
BRDA:364,68,0,0
BRDA:364,68,1,0
BRDA:364,68,2,0
BRDA:366,69,0,0
BRDA:374,70,0,0
BRDA:382,71,0,0
BRDA:390,72,0,0
BRDA:390,73,0,0
BRDA:390,73,1,0
BRDA:400,74,0,0
BRDA:400,74,1,0
BRDA:401,75,0,0
BRDA:401,75,1,0
BRDA:402,76,0,0
BRDA:402,76,1,0
BRDA:408,77,0,0
BRDA:411,78,0,0
BRDA:414,79,0,0
BRDA:421,80,0,0
BRDA:421,80,1,0
BRDA:425,81,0,0
BRDA:425,81,1,0
BRDA:426,82,0,0
BRDA:426,82,1,0
BRDA:427,83,0,0
BRDA:427,83,1,0
BRDA:437,84,0,0
BRDA:442,85,0,0
BRDA:442,85,1,0
BRDA:443,86,0,0
BRDA:443,86,1,0
BRDA:449,87,0,0
BRDA:449,88,0,0
BRDA:449,88,1,0
BRDA:467,89,0,0
BRDA:467,89,1,0
BRDA:493,90,0,0
BRDA:493,90,1,0
BRDA:535,91,0,0
BRDA:535,91,1,0
BRF:146
BRH:0
end_of_record
TN:
SF:src/utils/backup-codes.ts
FN:21,generateBackupCodes
FN:35,generateSingleCode
FN:55,hashBackupCodes
FN:74,verifyBackupCode
FN:94,markBackupCodeUsed
FN:110,normalizeBackupCode
FN:120,isValidBackupCodeFormat
FN:138,getRemainingCodeCount
FN:148,shouldRegenerateBackupCodes
FNF:9
FNH:9
FNDA:7,generateBackupCodes
FNDA:160,generateSingleCode
FNDA:11,hashBackupCodes
FNDA:22,verifyBackupCode
FNDA:14,markBackupCodeUsed
FNDA:72,normalizeBackupCode
FNDA:15,isValidBackupCodeFormat
FNDA:4,getRemainingCodeCount
FNDA:7,shouldRegenerateBackupCodes
DA:8,1
DA:9,1
DA:11,1
DA:12,1
DA:13,1
DA:21,1
DA:22,7
DA:24,7
DA:25,160
DA:28,7
DA:37,160
DA:38,160
DA:40,160
DA:41,1280
DA:42,1280
DA:46,160
DA:55,1
DA:56,11
DA:58,11
DA:59,29
DA:60,29
DA:61,29
DA:64,11
DA:74,1
DA:75,22
DA:77,22
DA:78,28
DA:79,28
DA:80,20
DA:84,2
DA:94,1
DA:95,14
DA:96,2
DA:99,12
DA:100,12
DA:101,12
DA:110,1
DA:111,72
DA:120,1
DA:121,15
DA:124,15
DA:125,4
DA:128,11
DA:129,11
DA:138,1
DA:139,4
DA:148,1
DA:149,7
LF:48
LH:48
BRDA:21,0,0,2
BRDA:79,1,0,20
BRDA:95,2,0,2
BRDA:95,3,0,14
BRDA:95,3,1,13
BRDA:124,4,0,4
BRF:6
BRH:6
end_of_record
TN:
SF:src/utils/duplicate-detection.ts
FN:12,generateContentHash
FN:20,generateNormalizedHash
FN:41,generatePerceptualHash
FN:56,generateSimHash
FN:79,(anonymous_4)
FN:90,extractFeatures
FN:98,(anonymous_6)
FN:117,binaryToHex
FN:130,hammingDistance
FN:148,countBits
FN:161,areSimilar
FN:170,calculateTextSimilarity
FN:185,checkDuplicate
FN:250,generateAllHashes
FNF:14
FNH:0
FNDA:0,generateContentHash
FNDA:0,generateNormalizedHash
FNDA:0,generatePerceptualHash
FNDA:0,generateSimHash
FNDA:0,(anonymous_4)
FNDA:0,extractFeatures
FNDA:0,(anonymous_6)
FNDA:0,binaryToHex
FNDA:0,hammingDistance
FNDA:0,countBits
FNDA:0,areSimilar
FNDA:0,calculateTextSimilarity
FNDA:0,checkDuplicate
FNDA:0,generateAllHashes
DA:13,0
DA:21,0
DA:31,0
DA:42,0
DA:45,0
DA:49,0
DA:57,0
DA:58,0
DA:59,0
DA:62,0
DA:63,0
DA:65,0
DA:66,0
DA:67,0
DA:68,0
DA:70,0
DA:71,0
DA:73,0
DA:79,0
DA:82,0
DA:84,0
DA:91,0
DA:94,0
DA:98,0
DA:101,0
DA:102,0
DA:106,0
DA:107,0
DA:108,0
DA:111,0
DA:118,0
DA:119,0
DA:120,0
DA:121,0
DA:123,0
DA:131,0
DA:132,0
DA:135,0
DA:137,0
DA:138,0
DA:139,0
DA:142,0
DA:149,0
DA:150,0
DA:151,0
DA:152,0
DA:154,0
DA:162,0
DA:163,0
DA:171,0
DA:194,0
DA:195,0
DA:196,0
DA:205,0
DA:206,0
DA:207,0
DA:216,0
DA:217,0
DA:218,0
DA:220,0
DA:221,0
DA:224,0
DA:225,0
DA:226,0
DA:228,0
DA:238,0
DA:251,0
LF:67
LH:0
BRDA:41,0,0,0
BRDA:42,1,0,0
BRDA:70,2,0,0
BRDA:70,2,1,0
BRDA:79,3,0,0
BRDA:79,3,1,0
BRDA:102,4,0,0
BRDA:102,4,1,0
BRDA:108,5,0,0
BRDA:108,5,1,0
BRDA:131,6,0,0
BRDA:161,7,0,0
BRDA:195,8,0,0
BRDA:206,9,0,0
BRDA:217,10,0,0
BRDA:217,11,0,0
BRDA:217,11,1,0
BRDA:220,12,0,0
BRDA:224,13,0,0
BRDA:250,14,0,0
BRF:20
BRH:0
end_of_record
TN:
SF:src/utils/email.ts
FN:22,getTransporter
FN:61,sendMagicLinkEmail
FN:194,sendEmailChangeConfirmation
FN:305,sendEmailChangeVerification
FN:356,sendNewDeviceNotification
FN:407,sendEmail
FN:463,updateEmailStatus
FN:495,verifyEmailConfig
FNF:8
FNH:0
FNDA:0,getTransporter
FNDA:0,sendMagicLinkEmail
FNDA:0,sendEmailChangeConfirmation
FNDA:0,sendEmailChangeVerification
FNDA:0,sendNewDeviceNotification
FNDA:0,sendEmail
FNDA:0,updateEmailStatus
FNDA:0,verifyEmailConfig
DA:10,0
DA:11,0
DA:12,0
DA:13,0
DA:14,0
DA:15,0
DA:17,0
DA:23,0
DA:24,0
DA:28,0
DA:30,0
DA:31,0
DA:32,0
DA:35,0
DA:46,0
DA:47,0
DA:53,0
DA:55,0
DA:62,0
DA:63,0
DA:65,0
DA:173,0
DA:188,0
DA:199,0
DA:201,0
DA:286,0
DA:299,0
DA:309,0
DA:311,0
DA:348,0
DA:350,0
DA:361,0
DA:399,0
DA:401,0
DA:414,0
DA:416,0
DA:418,0
DA:419,0
DA:420,0
DA:421,0
DA:422,0
DA:423,0
DA:426,0
DA:427,0
DA:429,0
DA:432,0
DA:433,0
DA:442,0
DA:445,0
DA:446,0
DA:449,0
DA:452,0
DA:453,0
DA:456,0
DA:469,0
DA:470,0
DA:471,0
DA:475,0
DA:485,0
DA:487,0
DA:496,0
DA:498,0
DA:499,0
DA:502,0
DA:503,0
DA:504,0
DA:505,0
DA:507,0
DA:508,0
LF:69
LH:0
BRDA:10,0,0,0
BRDA:10,0,1,0
BRDA:11,1,0,0
BRDA:11,1,1,0
BRDA:12,2,0,0
BRDA:12,2,1,0
BRDA:13,3,0,0
BRDA:13,3,1,0
BRDA:14,4,0,0
BRDA:14,4,1,0
BRDA:15,5,0,0
BRDA:15,5,1,0
BRDA:23,6,0,0
BRDA:28,7,0,0
BRDA:28,7,1,0
BRDA:30,8,0,0
BRDA:46,9,0,0
BRDA:416,10,0,0
BRDA:426,11,0,0
BRDA:445,12,0,0
BRDA:452,13,0,0
BRDA:466,14,0,0
BRDA:467,15,0,0
BRDA:498,16,0,0
BRF:24
BRH:0
end_of_record
TN:
SF:src/utils/encryption.ts
FN:19,getEncryptionKey
FN:39,encryptTotpSecret
FN:62,decryptTotpSecret
FN:90,generateEncryptionKey
FN:97,verifyEncryptionKey
FNF:5
FNH:5
FNDA:20,getEncryptionKey
FNDA:13,encryptTotpSecret
FNDA:11,decryptTotpSecret
FNDA:3,generateEncryptionKey
FNDA:2,verifyEncryptionKey
DA:8,1
DA:10,1
DA:11,1
DA:12,1
DA:13,1
DA:20,20
DA:22,20
DA:23,2
DA:26,18
DA:27,1
DA:30,17
DA:39,1
DA:40,13
DA:41,1
DA:44,12
DA:45,12
DA:46,9
DA:48,9
DA:49,9
DA:50,9
DA:53,9
DA:62,1
DA:63,11
DA:64,1
DA:67,10
DA:68,10
DA:69,2
DA:72,8
DA:73,8
DA:74,8
DA:75,8
DA:77,8
DA:78,8
DA:80,8
DA:81,8
DA:83,6
DA:90,1
DA:91,3
DA:97,1
DA:98,2
DA:99,2
DA:100,2
DA:101,1
DA:102,1
DA:104,1
LF:45
LH:45
BRDA:22,0,0,2
BRDA:26,1,0,1
BRDA:40,2,0,1
BRDA:63,3,0,1
BRDA:68,4,0,2
BRF:5
BRH:5
end_of_record
TN:
SF:src/utils/jwt.ts
FN:31,generateAccessToken
FN:48,generateRefreshToken
FN:59,verifyAccessToken
FN:87,decodeAccessToken
FN:100,getAccessTokenLifetime
FN:109,getRefreshTokenLifetime
FN:119,isTokenExpired
FN:136,getTokenTimeRemaining
FN:151,validateJwtConfig
FNF:9
FNH:8
FNDA:10,generateAccessToken
FNDA:103,generateRefreshToken
FNDA:5,verifyAccessToken
FNDA:7,decodeAccessToken
FNDA:2,getAccessTokenLifetime
FNDA:0,getRefreshTokenLifetime
FNDA:4,isTokenExpired
FNDA:3,getTokenTimeRemaining
FNDA:3,validateJwtConfig
DA:7,1
DA:8,1
DA:10,1
DA:11,1
DA:12,1
DA:13,1
DA:31,1
DA:32,10
DA:37,10
DA:48,1
DA:49,103
DA:59,1
DA:60,5
DA:61,5
DA:65,1
DA:66,0
DA:69,1
DA:71,4
DA:72,0
DA:74,4
DA:75,4
DA:77,0
DA:87,1
DA:88,7
DA:89,7
DA:91,0
DA:100,1
DA:101,2
DA:109,1
DA:110,0
DA:119,1
DA:120,4
DA:121,4
DA:122,4
DA:124,2
DA:126,0
DA:136,1
DA:137,3
DA:138,3
DA:139,3
DA:141,2
DA:142,2
DA:144,0
DA:151,1
DA:152,3
DA:153,3
DA:154,3
DA:157,0
DA:158,0
DA:159,0
DA:162,0
LF:51
LH:40
BRDA:10,0,0,1
BRDA:10,0,1,1
BRDA:11,1,0,1
BRDA:11,1,1,1
BRDA:12,2,0,1
BRDA:12,2,1,1
BRDA:13,3,0,1
BRDA:13,3,1,1
BRDA:65,4,0,0
BRDA:71,5,0,0
BRDA:74,6,0,4
BRDA:122,7,0,2
BRDA:122,8,0,4
BRDA:122,8,1,2
BRDA:139,9,0,1
BRDA:139,10,0,3
BRDA:139,10,1,2
BRDA:152,11,0,3
BRDA:152,12,0,3
BRDA:152,12,1,3
BRDA:157,13,0,0
BRF:21
BRH:18
end_of_record
TN:
SF:src/utils/qr-code.ts
FN:16,generateQRCodeUrl
FN:40,generateQRCodeSVG
FN:49,isValidOtpauthUrl
FNF:3
FNH:0
FNDA:0,generateQRCodeUrl
FNDA:0,generateQRCodeSVG
FNDA:0,isValidOtpauthUrl
DA:17,0
DA:20,0
DA:27,0
DA:29,0
DA:30,0
DA:43,0
DA:50,0
DA:51,0
DA:52,0
DA:54,0
LF:10
LH:0
BRDA:52,0,0,0
BRDA:52,0,1,0
BRF:2
BRH:0
end_of_record
TN:
SF:src/utils/totp.ts
FN:20,generateTotpSecret
FN:32,generateTotpCode
FN:45,verifyTotpCode
FN:67,generateTotpUrl
FN:80,formatTotpSecret
FN:92,generateHOTP
FN:121,base32Encode
FN:147,base32Decode
FN:179,constantTimeCompare
FN:195,isValidTotpSecret
FNF:10
FNH:10
FNDA:17,generateTotpSecret
FNDA:13,generateTotpCode
FNDA:6,verifyTotpCode
FNDA:4,generateTotpUrl
FNDA:3,formatTotpSecret
FNDA:27,generateHOTP
FNDA:17,base32Encode
FNDA:30,base32Decode
FNDA:14,constantTimeCompare
FNDA:7,isValidTotpSecret
DA:8,1
DA:10,1
DA:11,1
DA:12,1
DA:13,1
DA:20,1
DA:21,17
DA:22,17
DA:32,1
DA:33,13
DA:34,13
DA:45,1
DA:46,6
DA:47,6
DA:50,6
DA:51,14
DA:52,14
DA:53,3
DA:57,3
DA:67,1
DA:68,4
DA:69,4
DA:71,4
DA:80,1
DA:81,3
DA:93,27
DA:96,27
DA:97,27
DA:100,27
DA:101,27
DA:102,27
DA:105,27
DA:107,27
DA:114,27
DA:115,27
DA:122,17
DA:123,17
DA:124,17
DA:125,17
DA:127,17
DA:128,340
DA:129,340
DA:131,340
DA:132,544
DA:133,544
DA:137,17
DA:138,0
DA:141,17
DA:148,30
DA:149,30
DA:151,30
DA:152,30
DA:153,30
DA:154,30
DA:156,30
DA:157,640
DA:158,640
DA:160,640
DA:161,0
DA:164,640
DA:165,640
DA:167,640
DA:168,400
DA:169,400
DA:173,30
DA:180,14
DA:181,0
DA:184,14
DA:185,14
DA:186,84
DA:189,14
DA:195,1
DA:196,7
DA:197,7
DA:198,7
DA:199,4
DA:201,3
DA:202,3
DA:204,0
LF:79
LH:75
BRDA:10,0,0,1
BRDA:10,0,1,1
BRDA:13,1,0,1
BRDA:13,1,1,1
BRDA:33,2,0,13
BRDA:33,2,1,5
BRDA:45,3,0,4
BRDA:52,4,0,3
BRDA:81,5,0,3
BRDA:81,5,1,0
BRDA:137,6,0,0
BRDA:160,7,0,0
BRDA:167,8,0,400
BRDA:180,9,0,0
BRDA:198,10,0,4
BRF:15
BRH:11
end_of_record
